<testsuites id="" name="" tests="129" failures="91" skipped="37" errors="0" time="210.71292">
<testsuite name="navigation-comprehensive.spec.ts" timestamp="2025-09-05T19:51:45.615Z" hostname="chromium" tests="43" failures="5" skipped="37" time="181.526" errors="0">
<testcase name="Navigation Links - Comprehensive Testing › Navigation: Backgrounds (/design/backgrounds) loads without errors" classname="navigation-comprehensive.spec.ts" time="10.141">
</testcase>
<testcase name="Navigation Links - Comprehensive Testing › Navigation: Overview (/design/backgrounds) loads without errors" classname="navigation-comprehensive.spec.ts" time="54.449">
<failure message="navigation-comprehensive.spec.ts:123:9 Navigation: Overview (/design/backgrounds) loads without errors" type="FAILURE">
<![CDATA[  [chromium] › navigation-comprehensive.spec.ts:123:9 › Navigation Links - Comprehensive Testing › Navigation: Overview (/design/backgrounds) loads without errors 

    Error: expect(received).toHaveLength(expected)

    Expected length: 0
    Received length: 1
    Received array:  ["Request Failed: http://localhost:3000/?_rsc=1oqwi - net::ERR_ABORTED"]

      127 |       if (errors.length > 0) {
      128 |         console.error(`Errors found for ${navItem.href}:`, errors);
    > 129 |         expect(errors).toHaveLength(0);
          |                        ^
      130 |       }
      131 |       
      132 |       // Verify page loaded successfully
        at /home/adam/Dev/magic-template/e2e/navigation-comprehensive.spec.ts:129:24

    attachment #1: screenshot (image/png) ──────────────────────────────────────────────────────────
    ../test-results/navigation-comprehensive-N-5a3b5-rounds-loads-without-errors-chromium/test-failed-1.png
    ────────────────────────────────────────────────────────────────────────────────────────────────

    attachment #2: video (video/webm) ──────────────────────────────────────────────────────────────
    ../test-results/navigation-comprehensive-N-5a3b5-rounds-loads-without-errors-chromium/video.webm
    ────────────────────────────────────────────────────────────────────────────────────────────────

    Error Context: ../test-results/navigation-comprehensive-N-5a3b5-rounds-loads-without-errors-chromium/error-context.md

    Retry #1 ───────────────────────────────────────────────────────────────────────────────────────

    TimeoutError: page.goto: Timeout 30000ms exceeded.
    Call log:
      - navigating to "http://localhost:3000/design/backgrounds", waiting until "domcontentloaded"


      61 |   
      62 |   // Navigate to the page
    > 63 |   const response = await page.goto(url, { 
         |                               ^
      64 |     waitUntil: 'domcontentloaded',
      65 |     timeout: 30000 
      66 |   });
        at checkForRuntimeErrors (/home/adam/Dev/magic-template/e2e/navigation-comprehensive.spec.ts:63:31)
        at /home/adam/Dev/magic-template/e2e/navigation-comprehensive.spec.ts:124:28

    attachment #1: video (video/webm) ──────────────────────────────────────────────────────────────
    ../test-results/navigation-comprehensive-N-5a3b5-rounds-loads-without-errors-chromium-retry1/video.webm
    ────────────────────────────────────────────────────────────────────────────────────────────────

    Error Context: ../test-results/navigation-comprehensive-N-5a3b5-rounds-loads-without-errors-chromium-retry1/error-context.md

    attachment #3: trace (application/zip) ─────────────────────────────────────────────────────────
    ../test-results/navigation-comprehensive-N-5a3b5-rounds-loads-without-errors-chromium-retry1/trace.zip
    Usage:

        npx playwright show-trace ../test-results/navigation-comprehensive-N-5a3b5-rounds-loads-without-errors-chromium-retry1/trace.zip

    ────────────────────────────────────────────────────────────────────────────────────────────────

    Retry #2 ───────────────────────────────────────────────────────────────────────────────────────

    Error: expect(received).toHaveLength(expected)

    Expected length: 0
    Received length: 4
    Received array:  ["Console Error: Failed to load resource: the server responded with a status of 404 (Not Found)", "Request Failed: http://localhost:3000/_next/static/chunks/%5Bturbopack%5D_browser_dev_hmr-client_hmr-client_ts_61dcf9ba._.js - net::ERR_ABORTED", "Request Failed: http://localhost:3000/_next/static/chunks/%5Bturbopack%5D_browser_dev_hmr-client_hmr-client_ts_6edf245e._.js - net::ERR_ABORTED", "Console Error: ./app/page.tsx:1:1
    Module not found: Can't resolve '@/components/landing/LandingPage'
    > 1 | import LandingPage from \"@/components/landing/LandingPage\";
        | ^^^^^^^^^^^^^^^^^^^^^^^^^^^^^^^^^^^^^^^^^^^^^^^^^^^^^^^^^^^
      2 |
      3 | export default function HomePage() {
      4 |   return <LandingPage />;·
    Import map: aliased to relative './components/landing/LandingPage' inside of [project]/·
    https://nextjs.org/docs/messages/module-not-found"]

      127 |       if (errors.length > 0) {
      128 |         console.error(`Errors found for ${navItem.href}:`, errors);
    > 129 |         expect(errors).toHaveLength(0);
          |                        ^
      130 |       }
      131 |       
      132 |       // Verify page loaded successfully
        at /home/adam/Dev/magic-template/e2e/navigation-comprehensive.spec.ts:129:24

    attachment #1: screenshot (image/png) ──────────────────────────────────────────────────────────
    ../test-results/navigation-comprehensive-N-5a3b5-rounds-loads-without-errors-chromium-retry2/test-failed-1.png
    ────────────────────────────────────────────────────────────────────────────────────────────────

    attachment #2: video (video/webm) ──────────────────────────────────────────────────────────────
    ../test-results/navigation-comprehensive-N-5a3b5-rounds-loads-without-errors-chromium-retry2/video.webm
    ────────────────────────────────────────────────────────────────────────────────────────────────

    Error Context: ../test-results/navigation-comprehensive-N-5a3b5-rounds-loads-without-errors-chromium-retry2/error-context.md
]]>
</failure>
<system-out>
<![CDATA[
[[ATTACHMENT|navigation-comprehensive-N-5a3b5-rounds-loads-without-errors-chromium/test-failed-1.png]]

[[ATTACHMENT|navigation-comprehensive-N-5a3b5-rounds-loads-without-errors-chromium/video.webm]]

[[ATTACHMENT|navigation-comprehensive-N-5a3b5-rounds-loads-without-errors-chromium/error-context.md]]

[[ATTACHMENT|navigation-comprehensive-N-5a3b5-rounds-loads-without-errors-chromium-retry1/video.webm]]

[[ATTACHMENT|navigation-comprehensive-N-5a3b5-rounds-loads-without-errors-chromium-retry1/error-context.md]]

[[ATTACHMENT|navigation-comprehensive-N-5a3b5-rounds-loads-without-errors-chromium-retry1/trace.zip]]

[[ATTACHMENT|navigation-comprehensive-N-5a3b5-rounds-loads-without-errors-chromium-retry2/test-failed-1.png]]

[[ATTACHMENT|navigation-comprehensive-N-5a3b5-rounds-loads-without-errors-chromium-retry2/video.webm]]

[[ATTACHMENT|navigation-comprehensive-N-5a3b5-rounds-loads-without-errors-chromium-retry2/error-context.md]]
]]>
</system-out>
<system-err>
<![CDATA[Errors found for /design/backgrounds: [
  [32m'Request Failed: http://localhost:3000/?_rsc=1oqwi - net::ERR_ABORTED'[39m
]
Errors found for /design/backgrounds: [
  [32m'Console Error: Failed to load resource: the server responded with a status of 404 (Not Found)'[39m,
  [32m'Request Failed: http://localhost:3000/_next/static/chunks/%5Bturbopack%5D_browser_dev_hmr-client_hmr-client_ts_61dcf9ba._.js - net::ERR_ABORTED'[39m,
  [32m'Request Failed: http://localhost:3000/_next/static/chunks/%5Bturbopack%5D_browser_dev_hmr-client_hmr-client_ts_6edf245e._.js - net::ERR_ABORTED'[39m,
  [32m'Console Error: ./app/page.tsx:1:1\n'[39m +
    [32m"Module not found: Can't resolve '@/components/landing/LandingPage'\n"[39m +
    [32m'> 1 | import LandingPage from "@/components/landing/LandingPage";\n'[39m +
    [32m'    | ^^^^^^^^^^^^^^^^^^^^^^^^^^^^^^^^^^^^^^^^^^^^^^^^^^^^^^^^^^^\n'[39m +
    [32m'  2 |\n'[39m +
    [32m'  3 | export default function HomePage() {\n'[39m +
    [32m'  4 |   return <LandingPage />;\n'[39m +
    [32m'\n'[39m +
    [32m"Import map: aliased to relative './components/landing/LandingPage' inside of [project]/\n"[39m +
    [32m'\n'[39m +
    [32m'https://nextjs.org/docs/messages/module-not-found'[39m
]
]]>
</system-err>
</testcase>
<testcase name="Navigation Links - Comprehensive Testing › Navigation: Animate UI (/design/backgrounds/animate-ui) loads without errors" classname="navigation-comprehensive.spec.ts" time="36.659">
<failure message="navigation-comprehensive.spec.ts:123:9 Navigation: Animate UI (/design/backgrounds/animate-ui) loads without errors" type="FAILURE">
<![CDATA[  [chromium] › navigation-comprehensive.spec.ts:123:9 › Navigation Links - Comprehensive Testing › Navigation: Animate UI (/design/backgrounds/animate-ui) loads without errors 

    Error: expect(received).toHaveLength(expected)

    Expected length: 0
    Received length: 8
    Received array:  ["Page Error: ./app/page.tsx:1:1
    Module not found: Can't resolve '@/components/landing/LandingPage'
    > 1 | import LandingPage from \"@/components/landing/LandingPage\";
        | ^^^^^^^^^^^^^^^^^^^^^^^^^^^^^^^^^^^^^^^^^^^^^^^^^^^^^^^^^^^
      2 |
      3 | export default function HomePage() {
      4 |   return <LandingPage />;·
    Import map: aliased to relative './components/landing/LandingPage' inside of [project]/··
    https://nextjs.org/docs/messages/module-not-found·
    ", "Console Error: ./app/page.tsx:1:1
    Module not found: Can't resolve '@/components/landing/LandingPage'
    > 1 | import LandingPage from \"@/components/landing/LandingPage\";
        | ^^^^^^^^^^^^^^^^^^^^^^^^^^^^^^^^^^^^^^^^^^^^^^^^^^^^^^^^^^^
      2 |
      3 | export default function HomePage() {
      4 |   return <LandingPage />;·
    Import map: aliased to relative './components/landing/LandingPage' inside of [project]/·
    https://nextjs.org/docs/messages/module-not-found", "Console Error: ./app/page.tsx:1:1
    Module not found: Can't resolve '@/components/landing/LandingPage'
    > 1 | import LandingPage from \"@/components/landing/LandingPage\";
        | ^^^^^^^^^^^^^^^^^^^^^^^^^^^^^^^^^^^^^^^^^^^^^^^^^^^^^^^^^^^
      2 |
      3 | export default function HomePage() {
      4 |   return <LandingPage />;·
    Import map: aliased to relative './components/landing/LandingPage' inside of [project]/·
    https://nextjs.org/docs/messages/module-not-found", "Page Error: usePreviewTileExpansion must be used within a PreviewSurface", "React Hook Error: usePreviewTileExpansion must be used within a PreviewSurface", "Console Error: ./app/page.tsx:1:1
    Module not found: Can't resolve '@/components/landing/LandingPage'
    > 1 | import LandingPage from \"@/components/landing/LandingPage\";
        | ^^^^^^^^^^^^^^^^^^^^^^^^^^^^^^^^^^^^^^^^^^^^^^^^^^^^^^^^^^^
      2 |
      3 | export default function HomePage() {
      4 |   return <LandingPage />;·
    Import map: aliased to relative './components/landing/LandingPage' inside of [project]/·
    https://nextjs.org/docs/messages/module-not-found", "Console Error: ./app/page.tsx:1:1
    Module not found: Can't resolve '@/components/landing/LandingPage'
    > 1 | import LandingPage from \"@/components/landing/LandingPage\";
        | ^^^^^^^^^^^^^^^^^^^^^^^^^^^^^^^^^^^^^^^^^^^^^^^^^^^^^^^^^^^
      2 |
      3 | export default function HomePage() {
      4 |   return <LandingPage />;·
    Import map: aliased to relative './components/landing/LandingPage' inside of [project]/·
    https://nextjs.org/docs/messages/module-not-found", "Console Error: ./app/page.tsx:1:1
    Module not found: Can't resolve '@/components/landing/LandingPage'
    > 1 | import LandingPage from \"@/components/landing/LandingPage\";
        | ^^^^^^^^^^^^^^^^^^^^^^^^^^^^^^^^^^^^^^^^^^^^^^^^^^^^^^^^^^^
      2 |
      3 | export default function HomePage() {
      4 |   return <LandingPage />;·
    Import map: aliased to relative './components/landing/LandingPage' inside of [project]/·
    https://nextjs.org/docs/messages/module-not-found"]

      127 |       if (errors.length > 0) {
      128 |         console.error(`Errors found for ${navItem.href}:`, errors);
    > 129 |         expect(errors).toHaveLength(0);
          |                        ^
      130 |       }
      131 |       
      132 |       // Verify page loaded successfully
        at /home/adam/Dev/magic-template/e2e/navigation-comprehensive.spec.ts:129:24

    attachment #1: screenshot (image/png) ──────────────────────────────────────────────────────────
    ../test-results/navigation-comprehensive-N-492f5-ate-ui-loads-without-errors-chromium/test-failed-1.png
    ────────────────────────────────────────────────────────────────────────────────────────────────

    attachment #2: video (video/webm) ──────────────────────────────────────────────────────────────
    ../test-results/navigation-comprehensive-N-492f5-ate-ui-loads-without-errors-chromium/video.webm
    ────────────────────────────────────────────────────────────────────────────────────────────────

    Error Context: ../test-results/navigation-comprehensive-N-492f5-ate-ui-loads-without-errors-chromium/error-context.md

    Retry #1 ───────────────────────────────────────────────────────────────────────────────────────

    Error: expect(received).toHaveLength(expected)

    Expected length: 0
    Received length: 16
    Received array:  ["Console Error: ./components/landing/LandingPage.tsx:14:1
    Module not found: Can't resolve '@/components/landing/ClosingCta'
      12 | import PricingTiers from \"@/components/landing/PricingTiers\";
      13 | import { ResourceCards } from \"@/components/resource-cards\";
    > 14 | import ClosingCta from \"@/components/landing/ClosingCta\";
         | ^^^^^^^^^^^^^^^^^^^^^^^^^^^^^^^^^^^^^^^^^^^^^^^^^^^^^^^^^
      15 |
      16 | // Animation helpers (kept simple for type safety)
      17 | const sectionFade = {·
    Import map: aliased to relative './components/landing/ClosingCta' inside of [project]/·
    https://nextjs.org/docs/messages/module-not-found", "Console Error: ./components/landing/LandingPage.tsx:12:1
    Module not found: Can't resolve '@/components/landing/PricingTiers'
      10 | import SandboxTeaser from \"@/components/landing/SandboxTeaser\";
      11 | import ProfessionalPathways from \"@/components/landing/ProfessionalPathways\";
    > 12 | import PricingTiers from \"@/components/landing/PricingTiers\";
         | ^^^^^^^^^^^^^^^^^^^^^^^^^^^^^^^^^^^^^^^^^^^^^^^^^^^^^^^^^^^^^
      13 | import { ResourceCards } from \"@/components/resource-cards\";
      14 | import ClosingCta from \"@/components/landing/ClosingCta\";
      15 |·
    Import map: aliased to relative './components/landing/PricingTiers' inside of [project]/·
    https://nextjs.org/docs/messages/module-not-found", "Console Error: ./components/landing/LandingPage.tsx:11:1
    Module not found: Can't resolve '@/components/landing/ProfessionalPathways'
       9 | import WorkshopValue from \"@/components/landing/WorkshopValue\";
      10 | import SandboxTeaser from \"@/components/landing/SandboxTeaser\";
    > 11 | import ProfessionalPathways from \"@/components/landing/ProfessionalPathways\";
         | ^^^^^^^^^^^^^^^^^^^^^^^^^^^^^^^^^^^^^^^^^^^^^^^^^^^^^^^^^^^^^^^^^^^^^^^^^^^^^
      12 | import PricingTiers from \"@/components/landing/PricingTiers\";
      13 | import { ResourceCards } from \"@/components/resource-cards\";
      14 | import ClosingCta from \"@/components/landing/ClosingCta\";·
    Import map: aliased to relative './components/landing/ProfessionalPathways' inside of [project]/·
    https://nextjs.org/docs/messages/module-not-found", "Console Error: ./components/landing/LandingPage.tsx:10:1
    Module not found: Can't resolve '@/components/landing/SandboxTeaser'
       8 | import { ToolExplorer } from \"@/components/landing/ToolExplorer\";
       9 | import WorkshopValue from \"@/components/landing/WorkshopValue\";
    > 10 | import SandboxTeaser from \"@/components/landing/SandboxTeaser\";
         | ^^^^^^^^^^^^^^^^^^^^^^^^^^^^^^^^^^^^^^^^^^^^^^^^^^^^^^^^^^^^^^^
      11 | import ProfessionalPathways from \"@/components/landing/ProfessionalPathways\";
      12 | import PricingTiers from \"@/components/landing/PricingTiers\";
      13 | import { ResourceCards } from \"@/components/resource-cards\";·
    Import map: aliased to relative './components/landing/SandboxTeaser' inside of [project]/·
    https://nextjs.org/docs/messages/module-not-found", "Console Error: ./components/landing/LandingPage.tsx:8:1
    Module not found: Can't resolve '@/components/landing/ToolExplorer'
       6 |
       7 | import HeroLanding from \"@/components/landing/HeroLanding\";
    >  8 | import { ToolExplorer } from \"@/components/landing/ToolExplorer\";
         | ^^^^^^^^^^^^^^^^^^^^^^^^^^^^^^^^^^^^^^^^^^^^^^^^^^^^^^^^^^^^^^^^^
       9 | import WorkshopValue from \"@/components/landing/WorkshopValue\";
      10 | import SandboxTeaser from \"@/components/landing/SandboxTeaser\";
      11 | import ProfessionalPathways from \"@/components/landing/ProfessionalPathways\";·
    Import map: aliased to relative './components/landing/ToolExplorer' inside of [project]/·
    https://nextjs.org/docs/messages/module-not-found", "Console Error: ./components/landing/LandingPage.tsx:9:1
    Module not found: Can't resolve '@/components/landing/WorkshopValue'
       7 | import HeroLanding from \"@/components/landing/HeroLanding\";
       8 | import { ToolExplorer } from \"@/components/landing/ToolExplorer\";
    >  9 | import WorkshopValue from \"@/components/landing/WorkshopValue\";
         | ^^^^^^^^^^^^^^^^^^^^^^^^^^^^^^^^^^^^^^^^^^^^^^^^^^^^^^^^^^^^^^^
      10 | import SandboxTeaser from \"@/components/landing/SandboxTeaser\";
      11 | import ProfessionalPathways from \"@/components/landing/ProfessionalPathways\";
      12 | import PricingTiers from \"@/components/landing/PricingTiers\";·
    Import map: aliased to relative './components/landing/WorkshopValue' inside of [project]/·
    https://nextjs.org/docs/messages/module-not-found", "Console Error: ./components/landing/HeroLanding.tsx:8:1
    Module not found: Can't resolve '@/components/reactbits/TextAnimations/ShinyText/ShinyText'
       6 | import landingBlur from \"@/assets/svg/landing-blur.svg\";
       7 | import { cn } from \"@/lib/utils\";
    >  8 | import ShinyText from \"@/components/reactbits/TextAnimations/ShinyText/ShinyText\";
         | ^^^^^^^^^^^^^^^^^^^^^^^^^^^^^^^^^^^^^^^^^^^^^^^^^^^^^^^^^^^^^^^^^^^^^^^^^^^^^^^^^^
       9 |
      10 | interface HeroLandingProps {
      11 |   className?: string;·
    Import map: aliased to relative './components/reactbits/TextAnimations/ShinyText/ShinyText' inside of [project]/·
    https://nextjs.org/docs/messages/module-not-found", "Page Error: usePreviewTileExpansion must be used within a PreviewSurface", "React Hook Error: usePreviewTileExpansion must be used within a PreviewSurface", "Console Error: ./components/landing/LandingPage.tsx:14:1
    Module not found: Can't resolve '@/components/landing/ClosingCta'
      12 | import PricingTiers from \"@/components/landing/PricingTiers\";
      13 | import { ResourceCards } from \"@/components/resource-cards\";
    > 14 | import ClosingCta from \"@/components/landing/ClosingCta\";
         | ^^^^^^^^^^^^^^^^^^^^^^^^^^^^^^^^^^^^^^^^^^^^^^^^^^^^^^^^^
      15 |
      16 | // Animation helpers (kept simple for type safety)
      17 | const sectionFade = {·
    Import map: aliased to relative './components/landing/ClosingCta' inside of [project]/·
    https://nextjs.org/docs/messages/module-not-found", …]

      127 |       if (errors.length > 0) {
      128 |         console.error(`Errors found for ${navItem.href}:`, errors);
    > 129 |         expect(errors).toHaveLength(0);
          |                        ^
      130 |       }
      131 |       
      132 |       // Verify page loaded successfully
        at /home/adam/Dev/magic-template/e2e/navigation-comprehensive.spec.ts:129:24

    attachment #1: screenshot (image/png) ──────────────────────────────────────────────────────────
    ../test-results/navigation-comprehensive-N-492f5-ate-ui-loads-without-errors-chromium-retry1/test-failed-1.png
    ────────────────────────────────────────────────────────────────────────────────────────────────

    attachment #2: video (video/webm) ──────────────────────────────────────────────────────────────
    ../test-results/navigation-comprehensive-N-492f5-ate-ui-loads-without-errors-chromium-retry1/video.webm
    ────────────────────────────────────────────────────────────────────────────────────────────────

    Error Context: ../test-results/navigation-comprehensive-N-492f5-ate-ui-loads-without-errors-chromium-retry1/error-context.md

    attachment #4: trace (application/zip) ─────────────────────────────────────────────────────────
    ../test-results/navigation-comprehensive-N-492f5-ate-ui-loads-without-errors-chromium-retry1/trace.zip
    Usage:

        npx playwright show-trace ../test-results/navigation-comprehensive-N-492f5-ate-ui-loads-without-errors-chromium-retry1/trace.zip

    ────────────────────────────────────────────────────────────────────────────────────────────────

    Retry #2 ───────────────────────────────────────────────────────────────────────────────────────

    Error: expect(received).toHaveLength(expected)

    Expected length: 0
    Received length: 27
    Received array:  ["Page Error: ./components/landing/LandingPage.tsx:11:1
    Module not found: Can't resolve '@/components/landing/ProfessionalPathways'
       9 | import WorkshopValue from \"@/components/landing/WorkshopValue\";
      10 | import SandboxTeaser from \"@/components/landing/SandboxTeaser\";
    > 11 | import ProfessionalPathways from \"@/components/landing/ProfessionalPathways\";
         | ^^^^^^^^^^^^^^^^^^^^^^^^^^^^^^^^^^^^^^^^^^^^^^^^^^^^^^^^^^^^^^^^^^^^^^^^^^^^^
      12 | import PricingTiers from \"@/components/landing/PricingTiers\";
      13 | import { ResourceCards } from \"@/components/resource-cards\";
      14 | import ClosingCta from \"@/components/landing/ClosingCta\";·
    Import map: aliased to relative './components/landing/ProfessionalPathways' inside of [project]/··
    https://nextjs.org/docs/messages/module-not-found·
    ", "Console Error: ./components/landing/LandingPage.tsx:11:1
    Module not found: Can't resolve '@/components/landing/ProfessionalPathways'
       9 | import WorkshopValue from \"@/components/landing/WorkshopValue\";
      10 | import SandboxTeaser from \"@/components/landing/SandboxTeaser\";
    > 11 | import ProfessionalPathways from \"@/components/landing/ProfessionalPathways\";
         | ^^^^^^^^^^^^^^^^^^^^^^^^^^^^^^^^^^^^^^^^^^^^^^^^^^^^^^^^^^^^^^^^^^^^^^^^^^^^^
      12 | import PricingTiers from \"@/components/landing/PricingTiers\";
      13 | import { ResourceCards } from \"@/components/resource-cards\";
      14 | import ClosingCta from \"@/components/landing/ClosingCta\";·
    Import map: aliased to relative './components/landing/ProfessionalPathways' inside of [project]/·
    https://nextjs.org/docs/messages/module-not-found", "Console Error: ./components/landing/LandingPage.tsx:10:1
    Module not found: Can't resolve '@/components/landing/SandboxTeaser'
       8 | import { ToolExplorer } from \"@/components/landing/ToolExplorer\";
       9 | import WorkshopValue from \"@/components/landing/WorkshopValue\";
    > 10 | import SandboxTeaser from \"@/components/landing/SandboxTeaser\";
         | ^^^^^^^^^^^^^^^^^^^^^^^^^^^^^^^^^^^^^^^^^^^^^^^^^^^^^^^^^^^^^^^
      11 | import ProfessionalPathways from \"@/components/landing/ProfessionalPathways\";
      12 | import PricingTiers from \"@/components/landing/PricingTiers\";
      13 | import { ResourceCards } from \"@/components/resource-cards\";·
    Import map: aliased to relative './components/landing/SandboxTeaser' inside of [project]/·
    https://nextjs.org/docs/messages/module-not-found", "Console Error: ./components/landing/LandingPage.tsx:8:1
    Module not found: Can't resolve '@/components/landing/ToolExplorer'
       6 |
       7 | import HeroLanding from \"@/components/landing/HeroLanding\";
    >  8 | import { ToolExplorer } from \"@/components/landing/ToolExplorer\";
         | ^^^^^^^^^^^^^^^^^^^^^^^^^^^^^^^^^^^^^^^^^^^^^^^^^^^^^^^^^^^^^^^^^
       9 | import WorkshopValue from \"@/components/landing/WorkshopValue\";
      10 | import SandboxTeaser from \"@/components/landing/SandboxTeaser\";
      11 | import ProfessionalPathways from \"@/components/landing/ProfessionalPathways\";·
    Import map: aliased to relative './components/landing/ToolExplorer' inside of [project]/·
    https://nextjs.org/docs/messages/module-not-found", "Console Error: ./components/landing/LandingPage.tsx:9:1
    Module not found: Can't resolve '@/components/landing/WorkshopValue'
       7 | import HeroLanding from \"@/components/landing/HeroLanding\";
       8 | import { ToolExplorer } from \"@/components/landing/ToolExplorer\";
    >  9 | import WorkshopValue from \"@/components/landing/WorkshopValue\";
         | ^^^^^^^^^^^^^^^^^^^^^^^^^^^^^^^^^^^^^^^^^^^^^^^^^^^^^^^^^^^^^^^
      10 | import SandboxTeaser from \"@/components/landing/SandboxTeaser\";
      11 | import ProfessionalPathways from \"@/components/landing/ProfessionalPathways\";
      12 | import PricingTiers from \"@/components/landing/PricingTiers\";·
    Import map: aliased to relative './components/landing/WorkshopValue' inside of [project]/·
    https://nextjs.org/docs/messages/module-not-found", "Console Error: ./components/landing/HeroLanding.tsx:8:1
    Module not found: Can't resolve '@/components/reactbits/TextAnimations/ShinyText/ShinyText'
       6 | import landingBlur from \"@/assets/svg/landing-blur.svg\";
       7 | import { cn } from \"@/lib/utils\";
    >  8 | import ShinyText from \"@/components/reactbits/TextAnimations/ShinyText/ShinyText\";
         | ^^^^^^^^^^^^^^^^^^^^^^^^^^^^^^^^^^^^^^^^^^^^^^^^^^^^^^^^^^^^^^^^^^^^^^^^^^^^^^^^^^
       9 |
      10 | interface HeroLandingProps {
      11 |   className?: string;·
    Import map: aliased to relative './components/reactbits/TextAnimations/ShinyText/ShinyText' inside of [project]/·
    https://nextjs.org/docs/messages/module-not-found", "Console Error: ./components/landing/LandingPage.tsx:10:1
    Module not found: Can't resolve '@/components/landing/SandboxTeaser'
       8 | import { ToolExplorer } from \"@/components/landing/ToolExplorer\";
       9 | import WorkshopValue from \"@/components/landing/WorkshopValue\";
    > 10 | import SandboxTeaser from \"@/components/landing/SandboxTeaser\";
         | ^^^^^^^^^^^^^^^^^^^^^^^^^^^^^^^^^^^^^^^^^^^^^^^^^^^^^^^^^^^^^^^
      11 | import ProfessionalPathways from \"@/components/landing/ProfessionalPathways\";
      12 | import PricingTiers from \"@/components/landing/PricingTiers\";
      13 | import { ResourceCards } from \"@/components/resource-cards\";·
    Import map: aliased to relative './components/landing/SandboxTeaser' inside of [project]/·
    https://nextjs.org/docs/messages/module-not-found", "Console Error: ./components/landing/LandingPage.tsx:8:1
    Module not found: Can't resolve '@/components/landing/ToolExplorer'
       6 |
       7 | import HeroLanding from \"@/components/landing/HeroLanding\";
    >  8 | import { ToolExplorer } from \"@/components/landing/ToolExplorer\";
         | ^^^^^^^^^^^^^^^^^^^^^^^^^^^^^^^^^^^^^^^^^^^^^^^^^^^^^^^^^^^^^^^^^
       9 | import WorkshopValue from \"@/components/landing/WorkshopValue\";
      10 | import SandboxTeaser from \"@/components/landing/SandboxTeaser\";
      11 | import ProfessionalPathways from \"@/components/landing/ProfessionalPathways\";·
    Import map: aliased to relative './components/landing/ToolExplorer' inside of [project]/·
    https://nextjs.org/docs/messages/module-not-found", "Console Error: ./components/landing/LandingPage.tsx:9:1
    Module not found: Can't resolve '@/components/landing/WorkshopValue'
       7 | import HeroLanding from \"@/components/landing/HeroLanding\";
       8 | import { ToolExplorer } from \"@/components/landing/ToolExplorer\";
    >  9 | import WorkshopValue from \"@/components/landing/WorkshopValue\";
         | ^^^^^^^^^^^^^^^^^^^^^^^^^^^^^^^^^^^^^^^^^^^^^^^^^^^^^^^^^^^^^^^
      10 | import SandboxTeaser from \"@/components/landing/SandboxTeaser\";
      11 | import ProfessionalPathways from \"@/components/landing/ProfessionalPathways\";
      12 | import PricingTiers from \"@/components/landing/PricingTiers\";·
    Import map: aliased to relative './components/landing/WorkshopValue' inside of [project]/·
    https://nextjs.org/docs/messages/module-not-found", "Console Error: ./components/landing/HeroLanding.tsx:8:1
    Module not found: Can't resolve '@/components/reactbits/TextAnimations/ShinyText/ShinyText'
       6 | import landingBlur from \"@/assets/svg/landing-blur.svg\";
       7 | import { cn } from \"@/lib/utils\";
    >  8 | import ShinyText from \"@/components/reactbits/TextAnimations/ShinyText/ShinyText\";
         | ^^^^^^^^^^^^^^^^^^^^^^^^^^^^^^^^^^^^^^^^^^^^^^^^^^^^^^^^^^^^^^^^^^^^^^^^^^^^^^^^^^
       9 |
      10 | interface HeroLandingProps {
      11 |   className?: string;·
    Import map: aliased to relative './components/reactbits/TextAnimations/ShinyText/ShinyText' inside of [project]/·
    https://nextjs.org/docs/messages/module-not-found", …]

      127 |       if (errors.length > 0) {
      128 |         console.error(`Errors found for ${navItem.href}:`, errors);
    > 129 |         expect(errors).toHaveLength(0);
          |                        ^
      130 |       }
      131 |       
      132 |       // Verify page loaded successfully
        at /home/adam/Dev/magic-template/e2e/navigation-comprehensive.spec.ts:129:24

    attachment #1: screenshot (image/png) ──────────────────────────────────────────────────────────
    ../test-results/navigation-comprehensive-N-492f5-ate-ui-loads-without-errors-chromium-retry2/test-failed-1.png
    ────────────────────────────────────────────────────────────────────────────────────────────────

    attachment #2: video (video/webm) ──────────────────────────────────────────────────────────────
    ../test-results/navigation-comprehensive-N-492f5-ate-ui-loads-without-errors-chromium-retry2/video.webm
    ────────────────────────────────────────────────────────────────────────────────────────────────

    Error Context: ../test-results/navigation-comprehensive-N-492f5-ate-ui-loads-without-errors-chromium-retry2/error-context.md
]]>
</failure>
<system-out>
<![CDATA[
[[ATTACHMENT|navigation-comprehensive-N-492f5-ate-ui-loads-without-errors-chromium/test-failed-1.png]]

[[ATTACHMENT|navigation-comprehensive-N-492f5-ate-ui-loads-without-errors-chromium/video.webm]]

[[ATTACHMENT|navigation-comprehensive-N-492f5-ate-ui-loads-without-errors-chromium/error-context.md]]

[[ATTACHMENT|navigation-comprehensive-N-492f5-ate-ui-loads-without-errors-chromium-retry1/test-failed-1.png]]

[[ATTACHMENT|navigation-comprehensive-N-492f5-ate-ui-loads-without-errors-chromium-retry1/video.webm]]

[[ATTACHMENT|navigation-comprehensive-N-492f5-ate-ui-loads-without-errors-chromium-retry1/error-context.md]]

[[ATTACHMENT|navigation-comprehensive-N-492f5-ate-ui-loads-without-errors-chromium-retry1/trace.zip]]

[[ATTACHMENT|navigation-comprehensive-N-492f5-ate-ui-loads-without-errors-chromium-retry2/test-failed-1.png]]

[[ATTACHMENT|navigation-comprehensive-N-492f5-ate-ui-loads-without-errors-chromium-retry2/video.webm]]

[[ATTACHMENT|navigation-comprehensive-N-492f5-ate-ui-loads-without-errors-chromium-retry2/error-context.md]]
]]>
</system-out>
<system-err>
<![CDATA[Errors found for /design/backgrounds/animate-ui: [
  [32m'Page Error: ./app/page.tsx:1:1\n'[39m +
    [32m"Module not found: Can't resolve '@/components/landing/LandingPage'\n"[39m +
    [32m'> 1 | import LandingPage from "@/components/landing/LandingPage";\n'[39m +
    [32m'    | ^^^^^^^^^^^^^^^^^^^^^^^^^^^^^^^^^^^^^^^^^^^^^^^^^^^^^^^^^^^\n'[39m +
    [32m'  2 |\n'[39m +
    [32m'  3 | export default function HomePage() {\n'[39m +
    [32m'  4 |   return <LandingPage />;\n'[39m +
    [32m'\n'[39m +
    [32m"Import map: aliased to relative './components/landing/LandingPage' inside of [project]/\n"[39m +
    [32m'\n'[39m +
    [32m'\n'[39m +
    [32m'https://nextjs.org/docs/messages/module-not-found\n'[39m +
    [32m'\n'[39m,
  [32m'Console Error: ./app/page.tsx:1:1\n'[39m +
    [32m"Module not found: Can't resolve '@/components/landing/LandingPage'\n"[39m +
    [32m'> 1 | import LandingPage from "@/components/landing/LandingPage";\n'[39m +
    [32m'    | ^^^^^^^^^^^^^^^^^^^^^^^^^^^^^^^^^^^^^^^^^^^^^^^^^^^^^^^^^^^\n'[39m +
    [32m'  2 |\n'[39m +
    [32m'  3 | export default function HomePage() {\n'[39m +
    [32m'  4 |   return <LandingPage />;\n'[39m +
    [32m'\n'[39m +
    [32m"Import map: aliased to relative './components/landing/LandingPage' inside of [project]/\n"[39m +
    [32m'\n'[39m +
    [32m'https://nextjs.org/docs/messages/module-not-found'[39m,
  [32m'Console Error: ./app/page.tsx:1:1\n'[39m +
    [32m"Module not found: Can't resolve '@/components/landing/LandingPage'\n"[39m +
    [32m'> 1 | import LandingPage from "@/components/landing/LandingPage";\n'[39m +
    [32m'    | ^^^^^^^^^^^^^^^^^^^^^^^^^^^^^^^^^^^^^^^^^^^^^^^^^^^^^^^^^^^\n'[39m +
    [32m'  2 |\n'[39m +
    [32m'  3 | export default function HomePage() {\n'[39m +
    [32m'  4 |   return <LandingPage />;\n'[39m +
    [32m'\n'[39m +
    [32m"Import map: aliased to relative './components/landing/LandingPage' inside of [project]/\n"[39m +
    [32m'\n'[39m +
    [32m'https://nextjs.org/docs/messages/module-not-found'[39m,
  [32m'Page Error: usePreviewTileExpansion must be used within a PreviewSurface'[39m,
  [32m'React Hook Error: usePreviewTileExpansion must be used within a PreviewSurface'[39m,
  [32m'Console Error: ./app/page.tsx:1:1\n'[39m +
    [32m"Module not found: Can't resolve '@/components/landing/LandingPage'\n"[39m +
    [32m'> 1 | import LandingPage from "@/components/landing/LandingPage";\n'[39m +
    [32m'    | ^^^^^^^^^^^^^^^^^^^^^^^^^^^^^^^^^^^^^^^^^^^^^^^^^^^^^^^^^^^\n'[39m +
    [32m'  2 |\n'[39m +
    [32m'  3 | export default function HomePage() {\n'[39m +
    [32m'  4 |   return <LandingPage />;\n'[39m +
    [32m'\n'[39m +
    [32m"Import map: aliased to relative './components/landing/LandingPage' inside of [project]/\n"[39m +
    [32m'\n'[39m +
    [32m'https://nextjs.org/docs/messages/module-not-found'[39m,
  [32m'Console Error: ./app/page.tsx:1:1\n'[39m +
    [32m"Module not found: Can't resolve '@/components/landing/LandingPage'\n"[39m +
    [32m'> 1 | import LandingPage from "@/components/landing/LandingPage";\n'[39m +
    [32m'    | ^^^^^^^^^^^^^^^^^^^^^^^^^^^^^^^^^^^^^^^^^^^^^^^^^^^^^^^^^^^\n'[39m +
    [32m'  2 |\n'[39m +
    [32m'  3 | export default function HomePage() {\n'[39m +
    [32m'  4 |   return <LandingPage />;\n'[39m +
    [32m'\n'[39m +
    [32m"Import map: aliased to relative './components/landing/LandingPage' inside of [project]/\n"[39m +
    [32m'\n'[39m +
    [32m'https://nextjs.org/docs/messages/module-not-found'[39m,
  [32m'Console Error: ./app/page.tsx:1:1\n'[39m +
    [32m"Module not found: Can't resolve '@/components/landing/LandingPage'\n"[39m +
    [32m'> 1 | import LandingPage from "@/components/landing/LandingPage";\n'[39m +
    [32m'    | ^^^^^^^^^^^^^^^^^^^^^^^^^^^^^^^^^^^^^^^^^^^^^^^^^^^^^^^^^^^\n'[39m +
    [32m'  2 |\n'[39m +
    [32m'  3 | export default function HomePage() {\n'[39m +
    [32m'  4 |   return <LandingPage />;\n'[39m +
    [32m'\n'[39m +
    [32m"Import map: aliased to relative './components/landing/LandingPage' inside of [project]/\n"[39m +
    [32m'\n'[39m +
    [32m'https://nextjs.org/docs/messages/module-not-found'[39m
]
Errors found for /design/backgrounds/animate-ui: [
  [32m'Console Error: ./components/landing/LandingPage.tsx:14:1\n'[39m +
    [32m"Module not found: Can't resolve '@/components/landing/ClosingCta'\n"[39m +
    [32m'  12 | import PricingTiers from "@/components/landing/PricingTiers";\n'[39m +
    [32m'  13 | import { ResourceCards } from "@/components/resource-cards";\n'[39m +
    [32m'> 14 | import ClosingCta from "@/components/landing/ClosingCta";\n'[39m +
    [32m'     | ^^^^^^^^^^^^^^^^^^^^^^^^^^^^^^^^^^^^^^^^^^^^^^^^^^^^^^^^^\n'[39m +
    [32m'  15 |\n'[39m +
    [32m'  16 | // Animation helpers (kept simple for type safety)\n'[39m +
    [32m'  17 | const sectionFade = {\n'[39m +
    [32m'\n'[39m +
    [32m"Import map: aliased to relative './components/landing/ClosingCta' inside of [project]/\n"[39m +
    [32m'\n'[39m +
    [32m'https://nextjs.org/docs/messages/module-not-found'[39m,
  [32m'Console Error: ./components/landing/LandingPage.tsx:12:1\n'[39m +
    [32m"Module not found: Can't resolve '@/components/landing/PricingTiers'\n"[39m +
    [32m'  10 | import SandboxTeaser from "@/components/landing/SandboxTeaser";\n'[39m +
    [32m'  11 | import ProfessionalPathways from "@/components/landing/ProfessionalPathways";\n'[39m +
    [32m'> 12 | import PricingTiers from "@/components/landing/PricingTiers";\n'[39m +
    [32m'     | ^^^^^^^^^^^^^^^^^^^^^^^^^^^^^^^^^^^^^^^^^^^^^^^^^^^^^^^^^^^^^\n'[39m +
    [32m'  13 | import { ResourceCards } from "@/components/resource-cards";\n'[39m +
    [32m'  14 | import ClosingCta from "@/components/landing/ClosingCta";\n'[39m +
    [32m'  15 |\n'[39m +
    [32m'\n'[39m +
    [32m"Import map: aliased to relative './components/landing/PricingTiers' inside of [project]/\n"[39m +
    [32m'\n'[39m +
    [32m'https://nextjs.org/docs/messages/module-not-found'[39m,
  [32m'Console Error: ./components/landing/LandingPage.tsx:11:1\n'[39m +
    [32m"Module not found: Can't resolve '@/components/landing/ProfessionalPathways'\n"[39m +
    [32m'   9 | import WorkshopValue from "@/components/landing/WorkshopValue";\n'[39m +
    [32m'  10 | import SandboxTeaser from "@/components/landing/SandboxTeaser";\n'[39m +
    [32m'> 11 | import ProfessionalPathways from "@/components/landing/ProfessionalPathways";\n'[39m +
    [32m'     | ^^^^^^^^^^^^^^^^^^^^^^^^^^^^^^^^^^^^^^^^^^^^^^^^^^^^^^^^^^^^^^^^^^^^^^^^^^^^^\n'[39m +
    [32m'  12 | import PricingTiers from "@/components/landing/PricingTiers";\n'[39m +
    [32m'  13 | import { ResourceCards } from "@/components/resource-cards";\n'[39m +
    [32m'  14 | import ClosingCta from "@/components/landing/ClosingCta";\n'[39m +
    [32m'\n'[39m +
    [32m"Import map: aliased to relative './components/landing/ProfessionalPathways' inside of [project]/\n"[39m +
    [32m'\n'[39m +
    [32m'https://nextjs.org/docs/messages/module-not-found'[39m,
  [32m'Console Error: ./components/landing/LandingPage.tsx:10:1\n'[39m +
    [32m"Module not found: Can't resolve '@/components/landing/SandboxTeaser'\n"[39m +
    [32m'   8 | import { ToolExplorer } from "@/components/landing/ToolExplorer";\n'[39m +
    [32m'   9 | import WorkshopValue from "@/components/landing/WorkshopValue";\n'[39m +
    [32m'> 10 | import SandboxTeaser from "@/components/landing/SandboxTeaser";\n'[39m +
    [32m'     | ^^^^^^^^^^^^^^^^^^^^^^^^^^^^^^^^^^^^^^^^^^^^^^^^^^^^^^^^^^^^^^^\n'[39m +
    [32m'  11 | import ProfessionalPathways from "@/components/landing/ProfessionalPathways";\n'[39m +
    [32m'  12 | import PricingTiers from "@/components/landing/PricingTiers";\n'[39m +
    [32m'  13 | import { ResourceCards } from "@/components/resource-cards";\n'[39m +
    [32m'\n'[39m +
    [32m"Import map: aliased to relative './components/landing/SandboxTeaser' inside of [project]/\n"[39m +
    [32m'\n'[39m +
    [32m'https://nextjs.org/docs/messages/module-not-found'[39m,
  [32m'Console Error: ./components/landing/LandingPage.tsx:8:1\n'[39m +
    [32m"Module not found: Can't resolve '@/components/landing/ToolExplorer'\n"[39m +
    [32m'   6 |\n'[39m +
    [32m'   7 | import HeroLanding from "@/components/landing/HeroLanding";\n'[39m +
    [32m'>  8 | import { ToolExplorer } from "@/components/landing/ToolExplorer";\n'[39m +
    [32m'     | ^^^^^^^^^^^^^^^^^^^^^^^^^^^^^^^^^^^^^^^^^^^^^^^^^^^^^^^^^^^^^^^^^\n'[39m +
    [32m'   9 | import WorkshopValue from "@/components/landing/WorkshopValue";\n'[39m +
    [32m'  10 | import SandboxTeaser from "@/components/landing/SandboxTeaser";\n'[39m +
    [32m'  11 | import ProfessionalPathways from "@/components/landing/ProfessionalPathways";\n'[39m +
    [32m'\n'[39m +
    [32m"Import map: aliased to relative './components/landing/ToolExplorer' inside of [project]/\n"[39m +
    [32m'\n'[39m +
    [32m'https://nextjs.org/docs/messages/module-not-found'[39m,
  [32m'Console Error: ./components/landing/LandingPage.tsx:9:1\n'[39m +
    [32m"Module not found: Can't resolve '@/components/landing/WorkshopValue'\n"[39m +
    [32m'   7 | import HeroLanding from "@/components/landing/HeroLanding";\n'[39m +
    [32m'   8 | import { ToolExplorer } from "@/components/landing/ToolExplorer";\n'[39m +
    [32m'>  9 | import WorkshopValue from "@/components/landing/WorkshopValue";\n'[39m +
    [32m'     | ^^^^^^^^^^^^^^^^^^^^^^^^^^^^^^^^^^^^^^^^^^^^^^^^^^^^^^^^^^^^^^^\n'[39m +
    [32m'  10 | import SandboxTeaser from "@/components/landing/SandboxTeaser";\n'[39m +
    [32m'  11 | import ProfessionalPathways from "@/components/landing/ProfessionalPathways";\n'[39m +
    [32m'  12 | import PricingTiers from "@/components/landing/PricingTiers";\n'[39m +
    [32m'\n'[39m +
    [32m"Import map: aliased to relative './components/landing/WorkshopValue' inside of [project]/\n"[39m +
    [32m'\n'[39m +
    [32m'https://nextjs.org/docs/messages/module-not-found'[39m,
  [32m'Console Error: ./components/landing/HeroLanding.tsx:8:1\n'[39m +
    [32m"Module not found: Can't resolve '@/components/reactbits/TextAnimations/ShinyText/ShinyText'\n"[39m +
    [32m'   6 | import landingBlur from "@/assets/svg/landing-blur.svg";\n'[39m +
    [32m'   7 | import { cn } from "@/lib/utils";\n'[39m +
    [32m'>  8 | import ShinyText from "@/components/reactbits/TextAnimations/ShinyText/ShinyText";\n'[39m +
    [32m'     | ^^^^^^^^^^^^^^^^^^^^^^^^^^^^^^^^^^^^^^^^^^^^^^^^^^^^^^^^^^^^^^^^^^^^^^^^^^^^^^^^^^\n'[39m +
    [32m'   9 |\n'[39m +
    [32m'  10 | interface HeroLandingProps {\n'[39m +
    [32m'  11 |   className?: string;\n'[39m +
    [32m'\n'[39m +
    [32m"Import map: aliased to relative './components/reactbits/TextAnimations/ShinyText/ShinyText' inside of [project]/\n"[39m +
    [32m'\n'[39m +
    [32m'https://nextjs.org/docs/messages/module-not-found'[39m,
  [32m'Page Error: usePreviewTileExpansion must be used within a PreviewSurface'[39m,
  [32m'React Hook Error: usePreviewTileExpansion must be used within a PreviewSurface'[39m,
  [32m'Console Error: ./components/landing/LandingPage.tsx:14:1\n'[39m +
    [32m"Module not found: Can't resolve '@/components/landing/ClosingCta'\n"[39m +
    [32m'  12 | import PricingTiers from "@/components/landing/PricingTiers";\n'[39m +
    [32m'  13 | import { ResourceCards } from "@/components/resource-cards";\n'[39m +
    [32m'> 14 | import ClosingCta from "@/components/landing/ClosingCta";\n'[39m +
    [32m'     | ^^^^^^^^^^^^^^^^^^^^^^^^^^^^^^^^^^^^^^^^^^^^^^^^^^^^^^^^^\n'[39m +
    [32m'  15 |\n'[39m +
    [32m'  16 | // Animation helpers (kept simple for type safety)\n'[39m +
    [32m'  17 | const sectionFade = {\n'[39m +
    [32m'\n'[39m +
    [32m"Import map: aliased to relative './components/landing/ClosingCta' inside of [project]/\n"[39m +
    [32m'\n'[39m +
    [32m'https://nextjs.org/docs/messages/module-not-found'[39m,
  [32m'Console Error: ./components/landing/LandingPage.tsx:12:1\n'[39m +
    [32m"Module not found: Can't resolve '@/components/landing/PricingTiers'\n"[39m +
    [32m'  10 | import SandboxTeaser from "@/components/landing/SandboxTeaser";\n'[39m +
    [32m'  11 | import ProfessionalPathways from "@/components/landing/ProfessionalPathways";\n'[39m +
    [32m'> 12 | import PricingTiers from "@/components/landing/PricingTiers";\n'[39m +
    [32m'     | ^^^^^^^^^^^^^^^^^^^^^^^^^^^^^^^^^^^^^^^^^^^^^^^^^^^^^^^^^^^^^\n'[39m +
    [32m'  13 | import { ResourceCards } from "@/components/resource-cards";\n'[39m +
    [32m'  14 | import ClosingCta from "@/components/landing/ClosingCta";\n'[39m +
    [32m'  15 |\n'[39m +
    [32m'\n'[39m +
    [32m"Import map: aliased to relative './components/landing/PricingTiers' inside of [project]/\n"[39m +
    [32m'\n'[39m +
    [32m'https://nextjs.org/docs/messages/module-not-found'[39m,
  [32m'Console Error: ./components/landing/LandingPage.tsx:11:1\n'[39m +
    [32m"Module not found: Can't resolve '@/components/landing/ProfessionalPathways'\n"[39m +
    [32m'   9 | import WorkshopValue from "@/components/landing/WorkshopValue";\n'[39m +
    [32m'  10 | import SandboxTeaser from "@/components/landing/SandboxTeaser";\n'[39m +
    [32m'> 11 | import ProfessionalPathways from "@/components/landing/ProfessionalPathways";\n'[39m +
    [32m'     | ^^^^^^^^^^^^^^^^^^^^^^^^^^^^^^^^^^^^^^^^^^^^^^^^^^^^^^^^^^^^^^^^^^^^^^^^^^^^^\n'[39m +
    [32m'  12 | import PricingTiers from "@/components/landing/PricingTiers";\n'[39m +
    [32m'  13 | import { ResourceCards } from "@/components/resource-cards";\n'[39m +
    [32m'  14 | import ClosingCta from "@/components/landing/ClosingCta";\n'[39m +
    [32m'\n'[39m +
    [32m"Import map: aliased to relative './components/landing/ProfessionalPathways' inside of [project]/\n"[39m +
    [32m'\n'[39m +
    [32m'https://nextjs.org/docs/messages/module-not-found'[39m,
  [32m'Console Error: ./components/landing/LandingPage.tsx:10:1\n'[39m +
    [32m"Module not found: Can't resolve '@/components/landing/SandboxTeaser'\n"[39m +
    [32m'   8 | import { ToolExplorer } from "@/components/landing/ToolExplorer";\n'[39m +
    [32m'   9 | import WorkshopValue from "@/components/landing/WorkshopValue";\n'[39m +
    [32m'> 10 | import SandboxTeaser from "@/components/landing/SandboxTeaser";\n'[39m +
    [32m'     | ^^^^^^^^^^^^^^^^^^^^^^^^^^^^^^^^^^^^^^^^^^^^^^^^^^^^^^^^^^^^^^^\n'[39m +
    [32m'  11 | import ProfessionalPathways from "@/components/landing/ProfessionalPathways";\n'[39m +
    [32m'  12 | import PricingTiers from "@/components/landing/PricingTiers";\n'[39m +
    [32m'  13 | import { ResourceCards } from "@/components/resource-cards";\n'[39m +
    [32m'\n'[39m +
    [32m"Import map: aliased to relative './components/landing/SandboxTeaser' inside of [project]/\n"[39m +
    [32m'\n'[39m +
    [32m'https://nextjs.org/docs/messages/module-not-found'[39m,
  [32m'Console Error: ./components/landing/LandingPage.tsx:8:1\n'[39m +
    [32m"Module not found: Can't resolve '@/components/landing/ToolExplorer'\n"[39m +
    [32m'   6 |\n'[39m +
    [32m'   7 | import HeroLanding from "@/components/landing/HeroLanding";\n'[39m +
    [32m'>  8 | import { ToolExplorer } from "@/components/landing/ToolExplorer";\n'[39m +
    [32m'     | ^^^^^^^^^^^^^^^^^^^^^^^^^^^^^^^^^^^^^^^^^^^^^^^^^^^^^^^^^^^^^^^^^\n'[39m +
    [32m'   9 | import WorkshopValue from "@/components/landing/WorkshopValue";\n'[39m +
    [32m'  10 | import SandboxTeaser from "@/components/landing/SandboxTeaser";\n'[39m +
    [32m'  11 | import ProfessionalPathways from "@/components/landing/ProfessionalPathways";\n'[39m +
    [32m'\n'[39m +
    [32m"Import map: aliased to relative './components/landing/ToolExplorer' inside of [project]/\n"[39m +
    [32m'\n'[39m +
    [32m'https://nextjs.org/docs/messages/module-not-found'[39m,
  [32m'Console Error: ./components/landing/LandingPage.tsx:9:1\n'[39m +
    [32m"Module not found: Can't resolve '@/components/landing/WorkshopValue'\n"[39m +
    [32m'   7 | import HeroLanding from "@/components/landing/HeroLanding";\n'[39m +
    [32m'   8 | import { ToolExplorer } from "@/components/landing/ToolExplorer";\n'[39m +
    [32m'>  9 | import WorkshopValue from "@/components/landing/WorkshopValue";\n'[39m +
    [32m'     | ^^^^^^^^^^^^^^^^^^^^^^^^^^^^^^^^^^^^^^^^^^^^^^^^^^^^^^^^^^^^^^^\n'[39m +
    [32m'  10 | import SandboxTeaser from "@/components/landing/SandboxTeaser";\n'[39m +
    [32m'  11 | import ProfessionalPathways from "@/components/landing/ProfessionalPathways";\n'[39m +
    [32m'  12 | import PricingTiers from "@/components/landing/PricingTiers";\n'[39m +
    [32m'\n'[39m +
    [32m"Import map: aliased to relative './components/landing/WorkshopValue' inside of [project]/\n"[39m +
    [32m'\n'[39m +
    [32m'https://nextjs.org/docs/messages/module-not-found'[39m,
  [32m'Console Error: ./components/landing/HeroLanding.tsx:8:1\n'[39m +
    [32m"Module not found: Can't resolve '@/components/reactbits/TextAnimations/ShinyText/ShinyText'\n"[39m +
    [32m'   6 | import landingBlur from "@/assets/svg/landing-blur.svg";\n'[39m +
    [32m'   7 | import { cn } from "@/lib/utils";\n'[39m +
    [32m'>  8 | import ShinyText from "@/components/reactbits/TextAnimations/ShinyText/ShinyText";\n'[39m +
    [32m'     | ^^^^^^^^^^^^^^^^^^^^^^^^^^^^^^^^^^^^^^^^^^^^^^^^^^^^^^^^^^^^^^^^^^^^^^^^^^^^^^^^^^\n'[39m +
    [32m'   9 |\n'[39m +
    [32m'  10 | interface HeroLandingProps {\n'[39m +
    [32m'  11 |   className?: string;\n'[39m +
    [32m'\n'[39m +
    [32m"Import map: aliased to relative './components/reactbits/TextAnimations/ShinyText/ShinyText' inside of [project]/\n"[39m +
    [32m'\n'[39m +
    [32m'https://nextjs.org/docs/messages/module-not-found'[39m
]
Errors found for /design/backgrounds/animate-ui: [
  [32m'Page Error: ./components/landing/LandingPage.tsx:11:1\n'[39m +
    [32m"Module not found: Can't resolve '@/components/landing/ProfessionalPathways'\n"[39m +
    [32m'   9 | import WorkshopValue from "@/components/landing/WorkshopValue";\n'[39m +
    [32m'  10 | import SandboxTeaser from "@/components/landing/SandboxTeaser";\n'[39m +
    [32m'> 11 | import ProfessionalPathways from "@/components/landing/ProfessionalPathways";\n'[39m +
    [32m'     | ^^^^^^^^^^^^^^^^^^^^^^^^^^^^^^^^^^^^^^^^^^^^^^^^^^^^^^^^^^^^^^^^^^^^^^^^^^^^^\n'[39m +
    [32m'  12 | import PricingTiers from "@/components/landing/PricingTiers";\n'[39m +
    [32m'  13 | import { ResourceCards } from "@/components/resource-cards";\n'[39m +
    [32m'  14 | import ClosingCta from "@/components/landing/ClosingCta";\n'[39m +
    [32m'\n'[39m +
    [32m"Import map: aliased to relative './components/landing/ProfessionalPathways' inside of [project]/\n"[39m +
    [32m'\n'[39m +
    [32m'\n'[39m +
    [32m'https://nextjs.org/docs/messages/module-not-found\n'[39m +
    [32m'\n'[39m,
  [32m'Console Error: ./components/landing/LandingPage.tsx:11:1\n'[39m +
    [32m"Module not found: Can't resolve '@/components/landing/ProfessionalPathways'\n"[39m +
    [32m'   9 | import WorkshopValue from "@/components/landing/WorkshopValue";\n'[39m +
    [32m'  10 | import SandboxTeaser from "@/components/landing/SandboxTeaser";\n'[39m +
    [32m'> 11 | import ProfessionalPathways from "@/components/landing/ProfessionalPathways";\n'[39m +
    [32m'     | ^^^^^^^^^^^^^^^^^^^^^^^^^^^^^^^^^^^^^^^^^^^^^^^^^^^^^^^^^^^^^^^^^^^^^^^^^^^^^\n'[39m +
    [32m'  12 | import PricingTiers from "@/components/landing/PricingTiers";\n'[39m +
    [32m'  13 | import { ResourceCards } from "@/components/resource-cards";\n'[39m +
    [32m'  14 | import ClosingCta from "@/components/landing/ClosingCta";\n'[39m +
    [32m'\n'[39m +
    [32m"Import map: aliased to relative './components/landing/ProfessionalPathways' inside of [project]/\n"[39m +
    [32m'\n'[39m +
    [32m'https://nextjs.org/docs/messages/module-not-found'[39m,
  [32m'Console Error: ./components/landing/LandingPage.tsx:10:1\n'[39m +
    [32m"Module not found: Can't resolve '@/components/landing/SandboxTeaser'\n"[39m +
    [32m'   8 | import { ToolExplorer } from "@/components/landing/ToolExplorer";\n'[39m +
    [32m'   9 | import WorkshopValue from "@/components/landing/WorkshopValue";\n'[39m +
    [32m'> 10 | import SandboxTeaser from "@/components/landing/SandboxTeaser";\n'[39m +
    [32m'     | ^^^^^^^^^^^^^^^^^^^^^^^^^^^^^^^^^^^^^^^^^^^^^^^^^^^^^^^^^^^^^^^\n'[39m +
    [32m'  11 | import ProfessionalPathways from "@/components/landing/ProfessionalPathways";\n'[39m +
    [32m'  12 | import PricingTiers from "@/components/landing/PricingTiers";\n'[39m +
    [32m'  13 | import { ResourceCards } from "@/components/resource-cards";\n'[39m +
    [32m'\n'[39m +
    [32m"Import map: aliased to relative './components/landing/SandboxTeaser' inside of [project]/\n"[39m +
    [32m'\n'[39m +
    [32m'https://nextjs.org/docs/messages/module-not-found'[39m,
  [32m'Console Error: ./components/landing/LandingPage.tsx:8:1\n'[39m +
    [32m"Module not found: Can't resolve '@/components/landing/ToolExplorer'\n"[39m +
    [32m'   6 |\n'[39m +
    [32m'   7 | import HeroLanding from "@/components/landing/HeroLanding";\n'[39m +
    [32m'>  8 | import { ToolExplorer } from "@/components/landing/ToolExplorer";\n'[39m +
    [32m'     | ^^^^^^^^^^^^^^^^^^^^^^^^^^^^^^^^^^^^^^^^^^^^^^^^^^^^^^^^^^^^^^^^^\n'[39m +
    [32m'   9 | import WorkshopValue from "@/components/landing/WorkshopValue";\n'[39m +
    [32m'  10 | import SandboxTeaser from "@/components/landing/SandboxTeaser";\n'[39m +
    [32m'  11 | import ProfessionalPathways from "@/components/landing/ProfessionalPathways";\n'[39m +
    [32m'\n'[39m +
    [32m"Import map: aliased to relative './components/landing/ToolExplorer' inside of [project]/\n"[39m +
    [32m'\n'[39m +
    [32m'https://nextjs.org/docs/messages/module-not-found'[39m,
  [32m'Console Error: ./components/landing/LandingPage.tsx:9:1\n'[39m +
    [32m"Module not found: Can't resolve '@/components/landing/WorkshopValue'\n"[39m +
    [32m'   7 | import HeroLanding from "@/components/landing/HeroLanding";\n'[39m +
    [32m'   8 | import { ToolExplorer } from "@/components/landing/ToolExplorer";\n'[39m +
    [32m'>  9 | import WorkshopValue from "@/components/landing/WorkshopValue";\n'[39m +
    [32m'     | ^^^^^^^^^^^^^^^^^^^^^^^^^^^^^^^^^^^^^^^^^^^^^^^^^^^^^^^^^^^^^^^\n'[39m +
    [32m'  10 | import SandboxTeaser from "@/components/landing/SandboxTeaser";\n'[39m +
    [32m'  11 | import ProfessionalPathways from "@/components/landing/ProfessionalPathways";\n'[39m +
    [32m'  12 | import PricingTiers from "@/components/landing/PricingTiers";\n'[39m +
    [32m'\n'[39m +
    [32m"Import map: aliased to relative './components/landing/WorkshopValue' inside of [project]/\n"[39m +
    [32m'\n'[39m +
    [32m'https://nextjs.org/docs/messages/module-not-found'[39m,
  [32m'Console Error: ./components/landing/HeroLanding.tsx:8:1\n'[39m +
    [32m"Module not found: Can't resolve '@/components/reactbits/TextAnimations/ShinyText/ShinyText'\n"[39m +
    [32m'   6 | import landingBlur from "@/assets/svg/landing-blur.svg";\n'[39m +
    [32m'   7 | import { cn } from "@/lib/utils";\n'[39m +
    [32m'>  8 | import ShinyText from "@/components/reactbits/TextAnimations/ShinyText/ShinyText";\n'[39m +
    [32m'     | ^^^^^^^^^^^^^^^^^^^^^^^^^^^^^^^^^^^^^^^^^^^^^^^^^^^^^^^^^^^^^^^^^^^^^^^^^^^^^^^^^^\n'[39m +
    [32m'   9 |\n'[39m +
    [32m'  10 | interface HeroLandingProps {\n'[39m +
    [32m'  11 |   className?: string;\n'[39m +
    [32m'\n'[39m +
    [32m"Import map: aliased to relative './components/reactbits/TextAnimations/ShinyText/ShinyText' inside of [project]/\n"[39m +
    [32m'\n'[39m +
    [32m'https://nextjs.org/docs/messages/module-not-found'[39m,
  [32m'Console Error: ./components/landing/LandingPage.tsx:10:1\n'[39m +
    [32m"Module not found: Can't resolve '@/components/landing/SandboxTeaser'\n"[39m +
    [32m'   8 | import { ToolExplorer } from "@/components/landing/ToolExplorer";\n'[39m +
    [32m'   9 | import WorkshopValue from "@/components/landing/WorkshopValue";\n'[39m +
    [32m'> 10 | import SandboxTeaser from "@/components/landing/SandboxTeaser";\n'[39m +
    [32m'     | ^^^^^^^^^^^^^^^^^^^^^^^^^^^^^^^^^^^^^^^^^^^^^^^^^^^^^^^^^^^^^^^\n'[39m +
    [32m'  11 | import ProfessionalPathways from "@/components/landing/ProfessionalPathways";\n'[39m +
    [32m'  12 | import PricingTiers from "@/components/landing/PricingTiers";\n'[39m +
    [32m'  13 | import { ResourceCards } from "@/components/resource-cards";\n'[39m +
    [32m'\n'[39m +
    [32m"Import map: aliased to relative './components/landing/SandboxTeaser' inside of [project]/\n"[39m +
    [32m'\n'[39m +
    [32m'https://nextjs.org/docs/messages/module-not-found'[39m,
  [32m'Console Error: ./components/landing/LandingPage.tsx:8:1\n'[39m +
    [32m"Module not found: Can't resolve '@/components/landing/ToolExplorer'\n"[39m +
    [32m'   6 |\n'[39m +
    [32m'   7 | import HeroLanding from "@/components/landing/HeroLanding";\n'[39m +
    [32m'>  8 | import { ToolExplorer } from "@/components/landing/ToolExplorer";\n'[39m +
    [32m'     | ^^^^^^^^^^^^^^^^^^^^^^^^^^^^^^^^^^^^^^^^^^^^^^^^^^^^^^^^^^^^^^^^^\n'[39m +
    [32m'   9 | import WorkshopValue from "@/components/landing/WorkshopValue";\n'[39m +
    [32m'  10 | import SandboxTeaser from "@/components/landing/SandboxTeaser";\n'[39m +
    [32m'  11 | import ProfessionalPathways from "@/components/landing/ProfessionalPathways";\n'[39m +
    [32m'\n'[39m +
    [32m"Import map: aliased to relative './components/landing/ToolExplorer' inside of [project]/\n"[39m +
    [32m'\n'[39m +
    [32m'https://nextjs.org/docs/messages/module-not-found'[39m,
  [32m'Console Error: ./components/landing/LandingPage.tsx:9:1\n'[39m +
    [32m"Module not found: Can't resolve '@/components/landing/WorkshopValue'\n"[39m +
    [32m'   7 | import HeroLanding from "@/components/landing/HeroLanding";\n'[39m +
    [32m'   8 | import { ToolExplorer } from "@/components/landing/ToolExplorer";\n'[39m +
    [32m'>  9 | import WorkshopValue from "@/components/landing/WorkshopValue";\n'[39m +
    [32m'     | ^^^^^^^^^^^^^^^^^^^^^^^^^^^^^^^^^^^^^^^^^^^^^^^^^^^^^^^^^^^^^^^\n'[39m +
    [32m'  10 | import SandboxTeaser from "@/components/landing/SandboxTeaser";\n'[39m +
    [32m'  11 | import ProfessionalPathways from "@/components/landing/ProfessionalPathways";\n'[39m +
    [32m'  12 | import PricingTiers from "@/components/landing/PricingTiers";\n'[39m +
    [32m'\n'[39m +
    [32m"Import map: aliased to relative './components/landing/WorkshopValue' inside of [project]/\n"[39m +
    [32m'\n'[39m +
    [32m'https://nextjs.org/docs/messages/module-not-found'[39m,
  [32m'Console Error: ./components/landing/HeroLanding.tsx:8:1\n'[39m +
    [32m"Module not found: Can't resolve '@/components/reactbits/TextAnimations/ShinyText/ShinyText'\n"[39m +
    [32m'   6 | import landingBlur from "@/assets/svg/landing-blur.svg";\n'[39m +
    [32m'   7 | import { cn } from "@/lib/utils";\n'[39m +
    [32m'>  8 | import ShinyText from "@/components/reactbits/TextAnimations/ShinyText/ShinyText";\n'[39m +
    [32m'     | ^^^^^^^^^^^^^^^^^^^^^^^^^^^^^^^^^^^^^^^^^^^^^^^^^^^^^^^^^^^^^^^^^^^^^^^^^^^^^^^^^^\n'[39m +
    [32m'   9 |\n'[39m +
    [32m'  10 | interface HeroLandingProps {\n'[39m +
    [32m'  11 |   className?: string;\n'[39m +
    [32m'\n'[39m +
    [32m"Import map: aliased to relative './components/reactbits/TextAnimations/ShinyText/ShinyText' inside of [project]/\n"[39m +
    [32m'\n'[39m +
    [32m'https://nextjs.org/docs/messages/module-not-found'[39m,
  [32m'Page Error: usePreviewTileExpansion must be used within a PreviewSurface'[39m,
  [32m'React Hook Error: usePreviewTileExpansion must be used within a PreviewSurface'[39m,
  [32m'Console Error: ./components/landing/LandingPage.tsx:8:1\n'[39m +
    [32m"Module not found: Can't resolve '@/components/landing/ToolExplorer'\n"[39m +
    [32m'   6 |\n'[39m +
    [32m'   7 | import HeroLanding from "@/components/landing/HeroLanding";\n'[39m +
    [32m'>  8 | import { ToolExplorer } from "@/components/landing/ToolExplorer";\n'[39m +
    [32m'     | ^^^^^^^^^^^^^^^^^^^^^^^^^^^^^^^^^^^^^^^^^^^^^^^^^^^^^^^^^^^^^^^^^\n'[39m +
    [32m'   9 | import WorkshopValue from "@/components/landing/WorkshopValue";\n'[39m +
    [32m'  10 | import SandboxTeaser from "@/components/landing/SandboxTeaser";\n'[39m +
    [32m'  11 | import ProfessionalPathways from "@/components/landing/ProfessionalPathways";\n'[39m +
    [32m'\n'[39m +
    [32m"Import map: aliased to relative './components/landing/ToolExplorer' inside of [project]/\n"[39m +
    [32m'\n'[39m +
    [32m'https://nextjs.org/docs/messages/module-not-found'[39m,
  [32m'Console Error: ./components/landing/LandingPage.tsx:9:1\n'[39m +
    [32m"Module not found: Can't resolve '@/components/landing/WorkshopValue'\n"[39m +
    [32m'   7 | import HeroLanding from "@/components/landing/HeroLanding";\n'[39m +
    [32m'   8 | import { ToolExplorer } from "@/components/landing/ToolExplorer";\n'[39m +
    [32m'>  9 | import WorkshopValue from "@/components/landing/WorkshopValue";\n'[39m +
    [32m'     | ^^^^^^^^^^^^^^^^^^^^^^^^^^^^^^^^^^^^^^^^^^^^^^^^^^^^^^^^^^^^^^^\n'[39m +
    [32m'  10 | import SandboxTeaser from "@/components/landing/SandboxTeaser";\n'[39m +
    [32m'  11 | import ProfessionalPathways from "@/components/landing/ProfessionalPathways";\n'[39m +
    [32m'  12 | import PricingTiers from "@/components/landing/PricingTiers";\n'[39m +
    [32m'\n'[39m +
    [32m"Import map: aliased to relative './components/landing/WorkshopValue' inside of [project]/\n"[39m +
    [32m'\n'[39m +
    [32m'https://nextjs.org/docs/messages/module-not-found'[39m,
  [32m'Console Error: ./components/landing/HeroLanding.tsx:8:1\n'[39m +
    [32m"Module not found: Can't resolve '@/components/reactbits/TextAnimations/ShinyText/ShinyText'\n"[39m +
    [32m'   6 | import landingBlur from "@/assets/svg/landing-blur.svg";\n'[39m +
    [32m'   7 | import { cn } from "@/lib/utils";\n'[39m +
    [32m'>  8 | import ShinyText from "@/components/reactbits/TextAnimations/ShinyText/ShinyText";\n'[39m +
    [32m'     | ^^^^^^^^^^^^^^^^^^^^^^^^^^^^^^^^^^^^^^^^^^^^^^^^^^^^^^^^^^^^^^^^^^^^^^^^^^^^^^^^^^\n'[39m +
    [32m'   9 |\n'[39m +
    [32m'  10 | interface HeroLandingProps {\n'[39m +
    [32m'  11 |   className?: string;\n'[39m +
    [32m'\n'[39m +
    [32m"Import map: aliased to relative './components/reactbits/TextAnimations/ShinyText/ShinyText' inside of [project]/\n"[39m +
    [32m'\n'[39m +
    [32m'https://nextjs.org/docs/messages/module-not-found'[39m,
  [32m'Console Error: ./components/landing/LandingPage.tsx:8:1\n'[39m +
    [32m"Module not found: Can't resolve '@/components/landing/ToolExplorer'\n"[39m +
    [32m'   6 |\n'[39m +
    [32m'   7 | import HeroLanding from "@/components/landing/HeroLanding";\n'[39m +
    [32m'>  8 | import { ToolExplorer } from "@/components/landing/ToolExplorer";\n'[39m +
    [32m'     | ^^^^^^^^^^^^^^^^^^^^^^^^^^^^^^^^^^^^^^^^^^^^^^^^^^^^^^^^^^^^^^^^^\n'[39m +
    [32m'   9 | import WorkshopValue from "@/components/landing/WorkshopValue";\n'[39m +
    [32m'  10 | import SandboxTeaser from "@/components/landing/SandboxTeaser";\n'[39m +
    [32m'  11 | import ProfessionalPathways from "@/components/landing/ProfessionalPathways";\n'[39m +
    [32m'\n'[39m +
    [32m"Import map: aliased to relative './components/landing/ToolExplorer' inside of [project]/\n"[39m +
    [32m'\n'[39m +
    [32m'https://nextjs.org/docs/messages/module-not-found'[39m,
  [32m'Console Error: ./components/landing/LandingPage.tsx:9:1\n'[39m +
    [32m"Module not found: Can't resolve '@/components/landing/WorkshopValue'\n"[39m +
    [32m'   7 | import HeroLanding from "@/components/landing/HeroLanding";\n'[39m +
    [32m'   8 | import { ToolExplorer } from "@/components/landing/ToolExplorer";\n'[39m +
    [32m'>  9 | import WorkshopValue from "@/components/landing/WorkshopValue";\n'[39m +
    [32m'     | ^^^^^^^^^^^^^^^^^^^^^^^^^^^^^^^^^^^^^^^^^^^^^^^^^^^^^^^^^^^^^^^\n'[39m +
    [32m'  10 | import SandboxTeaser from "@/components/landing/SandboxTeaser";\n'[39m +
    [32m'  11 | import ProfessionalPathways from "@/components/landing/ProfessionalPathways";\n'[39m +
    [32m'  12 | import PricingTiers from "@/components/landing/PricingTiers";\n'[39m +
    [32m'\n'[39m +
    [32m"Import map: aliased to relative './components/landing/WorkshopValue' inside of [project]/\n"[39m +
    [32m'\n'[39m +
    [32m'https://nextjs.org/docs/messages/module-not-found'[39m,
  [32m'Console Error: ./components/landing/HeroLanding.tsx:8:1\n'[39m +
    [32m"Module not found: Can't resolve '@/components/reactbits/TextAnimations/ShinyText/ShinyText'\n"[39m +
    [32m'   6 | import landingBlur from "@/assets/svg/landing-blur.svg";\n'[39m +
    [32m'   7 | import { cn } from "@/lib/utils";\n'[39m +
    [32m'>  8 | import ShinyText from "@/components/reactbits/TextAnimations/ShinyText/ShinyText";\n'[39m +
    [32m'     | ^^^^^^^^^^^^^^^^^^^^^^^^^^^^^^^^^^^^^^^^^^^^^^^^^^^^^^^^^^^^^^^^^^^^^^^^^^^^^^^^^^\n'[39m +
    [32m'   9 |\n'[39m +
    [32m'  10 | interface HeroLandingProps {\n'[39m +
    [32m'  11 |   className?: string;\n'[39m +
    [32m'\n'[39m +
    [32m"Import map: aliased to relative './components/reactbits/TextAnimations/ShinyText/ShinyText' inside of [project]/\n"[39m +
    [32m'\n'[39m +
    [32m'https://nextjs.org/docs/messages/module-not-found'[39m,
  [32m'Console Error: ./components/landing/LandingPage.tsx:8:1\n'[39m +
    [32m"Module not found: Can't resolve '@/components/landing/ToolExplorer'\n"[39m +
    [32m'   6 |\n'[39m +
    [32m'   7 | import HeroLanding from "@/components/landing/HeroLanding";\n'[39m +
    [32m'>  8 | import { ToolExplorer } from "@/components/landing/ToolExplorer";\n'[39m +
    [32m'     | ^^^^^^^^^^^^^^^^^^^^^^^^^^^^^^^^^^^^^^^^^^^^^^^^^^^^^^^^^^^^^^^^^\n'[39m +
    [32m'   9 | import WorkshopValue from "@/components/landing/WorkshopValue";\n'[39m +
    [32m'  10 | import SandboxTeaser from "@/components/landing/SandboxTeaser";\n'[39m +
    [32m'  11 | import ProfessionalPathways from "@/components/landing/ProfessionalPathways";\n'[39m +
    [32m'\n'[39m +
    [32m"Import map: aliased to relative './components/landing/ToolExplorer' inside of [project]/\n"[39m +
    [32m'\n'[39m +
    [32m'https://nextjs.org/docs/messages/module-not-found'[39m,
  [32m'Console Error: ./components/landing/LandingPage.tsx:9:1\n'[39m +
    [32m"Module not found: Can't resolve '@/components/landing/WorkshopValue'\n"[39m +
    [32m'   7 | import HeroLanding from "@/components/landing/HeroLanding";\n'[39m +
    [32m'   8 | import { ToolExplorer } from "@/components/landing/ToolExplorer";\n'[39m +
    [32m'>  9 | import WorkshopValue from "@/components/landing/WorkshopValue";\n'[39m +
    [32m'     | ^^^^^^^^^^^^^^^^^^^^^^^^^^^^^^^^^^^^^^^^^^^^^^^^^^^^^^^^^^^^^^^\n'[39m +
    [32m'  10 | import SandboxTeaser from "@/components/landing/SandboxTeaser";\n'[39m +
    [32m'  11 | import ProfessionalPathways from "@/components/landing/ProfessionalPathways";\n'[39m +
    [32m'  12 | import PricingTiers from "@/components/landing/PricingTiers";\n'[39m +
    [32m'\n'[39m +
    [32m"Import map: aliased to relative './components/landing/WorkshopValue' inside of [project]/\n"[39m +
    [32m'\n'[39m +
    [32m'https://nextjs.org/docs/messages/module-not-found'[39m,
  [32m'Console Error: ./components/landing/HeroLanding.tsx:8:1\n'[39m +
    [32m"Module not found: Can't resolve '@/components/reactbits/TextAnimations/ShinyText/ShinyText'\n"[39m +
    [32m'   6 | import landingBlur from "@/assets/svg/landing-blur.svg";\n'[39m +
    [32m'   7 | import { cn } from "@/lib/utils";\n'[39m +
    [32m'>  8 | import ShinyText from "@/components/reactbits/TextAnimations/ShinyText/ShinyText";\n'[39m +
    [32m'     | ^^^^^^^^^^^^^^^^^^^^^^^^^^^^^^^^^^^^^^^^^^^^^^^^^^^^^^^^^^^^^^^^^^^^^^^^^^^^^^^^^^\n'[39m +
    [32m'   9 |\n'[39m +
    [32m'  10 | interface HeroLandingProps {\n'[39m +
    [32m'  11 |   className?: string;\n'[39m +
    [32m'\n'[39m +
    [32m"Import map: aliased to relative './components/reactbits/TextAnimations/ShinyText/ShinyText' inside of [project]/\n"[39m +
    [32m'\n'[39m +
    [32m'https://nextjs.org/docs/messages/module-not-found'[39m,
  [32m'Console Error: ./components/landing/LandingPage.tsx:8:1\n'[39m +
    [32m"Module not found: Can't resolve '@/components/landing/ToolExplorer'\n"[39m +
    [32m'   6 |\n'[39m +
    [32m'   7 | import HeroLanding from "@/components/landing/HeroLanding";\n'[39m +
    [32m'>  8 | import { ToolExplorer } from "@/components/landing/ToolExplorer";\n'[39m +
    [32m'     | ^^^^^^^^^^^^^^^^^^^^^^^^^^^^^^^^^^^^^^^^^^^^^^^^^^^^^^^^^^^^^^^^^\n'[39m +
    [32m'   9 | import WorkshopValue from "@/components/landing/WorkshopValue";\n'[39m +
    [32m'  10 | import SandboxTeaser from "@/components/landing/SandboxTeaser";\n'[39m +
    [32m'  11 | import ProfessionalPathways from "@/components/landing/ProfessionalPathways";\n'[39m +
    [32m'\n'[39m +
    [32m"Import map: aliased to relative './components/landing/ToolExplorer' inside of [project]/\n"[39m +
    [32m'\n'[39m +
    [32m'https://nextjs.org/docs/messages/module-not-found'[39m,
  [32m'Console Error: ./components/landing/LandingPage.tsx:9:1\n'[39m +
    [32m"Module not found: Can't resolve '@/components/landing/WorkshopValue'\n"[39m +
    [32m'   7 | import HeroLanding from "@/components/landing/HeroLanding";\n'[39m +
    [32m'   8 | import { ToolExplorer } from "@/components/landing/ToolExplorer";\n'[39m +
    [32m'>  9 | import WorkshopValue from "@/components/landing/WorkshopValue";\n'[39m +
    [32m'     | ^^^^^^^^^^^^^^^^^^^^^^^^^^^^^^^^^^^^^^^^^^^^^^^^^^^^^^^^^^^^^^^\n'[39m +
    [32m'  10 | import SandboxTeaser from "@/components/landing/SandboxTeaser";\n'[39m +
    [32m'  11 | import ProfessionalPathways from "@/components/landing/ProfessionalPathways";\n'[39m +
    [32m'  12 | import PricingTiers from "@/components/landing/PricingTiers";\n'[39m +
    [32m'\n'[39m +
    [32m"Import map: aliased to relative './components/landing/WorkshopValue' inside of [project]/\n"[39m +
    [32m'\n'[39m +
    [32m'https://nextjs.org/docs/messages/module-not-found'[39m,
  [32m'Console Error: ./components/landing/HeroLanding.tsx:8:1\n'[39m +
    [32m"Module not found: Can't resolve '@/components/reactbits/TextAnimations/ShinyText/ShinyText'\n"[39m +
    [32m'   6 | import landingBlur from "@/assets/svg/landing-blur.svg";\n'[39m +
    [32m'   7 | import { cn } from "@/lib/utils";\n'[39m +
    [32m'>  8 | import ShinyText from "@/components/reactbits/TextAnimations/ShinyText/ShinyText";\n'[39m +
    [32m'     | ^^^^^^^^^^^^^^^^^^^^^^^^^^^^^^^^^^^^^^^^^^^^^^^^^^^^^^^^^^^^^^^^^^^^^^^^^^^^^^^^^^\n'[39m +
    [32m'   9 |\n'[39m +
    [32m'  10 | interface HeroLandingProps {\n'[39m +
    [32m'  11 |   className?: string;\n'[39m +
    [32m'\n'[39m +
    [32m"Import map: aliased to relative './components/reactbits/TextAnimations/ShinyText/ShinyText' inside of [project]/\n"[39m +
    [32m'\n'[39m +
    [32m'https://nextjs.org/docs/messages/module-not-found'[39m,
  [32m'Console Error: ./components/landing/LandingPage.tsx:8:1\n'[39m +
    [32m"Module not found: Can't resolve '@/components/landing/ToolExplorer'\n"[39m +
    [32m'   6 |\n'[39m +
    [32m'   7 | import HeroLanding from "@/components/landing/HeroLanding";\n'[39m +
    [32m'>  8 | import { ToolExplorer } from "@/components/landing/ToolExplorer";\n'[39m +
    [32m'     | ^^^^^^^^^^^^^^^^^^^^^^^^^^^^^^^^^^^^^^^^^^^^^^^^^^^^^^^^^^^^^^^^^\n'[39m +
    [32m'   9 | import WorkshopValue from "@/components/landing/WorkshopValue";\n'[39m +
    [32m'  10 | import SandboxTeaser from "@/components/landing/SandboxTeaser";\n'[39m +
    [32m'  11 | import ProfessionalPathways from "@/components/landing/ProfessionalPathways";\n'[39m +
    [32m'\n'[39m +
    [32m"Import map: aliased to relative './components/landing/ToolExplorer' inside of [project]/\n"[39m +
    [32m'\n'[39m +
    [32m'https://nextjs.org/docs/messages/module-not-found'[39m,
  [32m'Console Error: ./components/landing/LandingPage.tsx:9:1\n'[39m +
    [32m"Module not found: Can't resolve '@/components/landing/WorkshopValue'\n"[39m +
    [32m'   7 | import HeroLanding from "@/components/landing/HeroLanding";\n'[39m +
    [32m'   8 | import { ToolExplorer } from "@/components/landing/ToolExplorer";\n'[39m +
    [32m'>  9 | import WorkshopValue from "@/components/landing/WorkshopValue";\n'[39m +
    [32m'     | ^^^^^^^^^^^^^^^^^^^^^^^^^^^^^^^^^^^^^^^^^^^^^^^^^^^^^^^^^^^^^^^\n'[39m +
    [32m'  10 | import SandboxTeaser from "@/components/landing/SandboxTeaser";\n'[39m +
    [32m'  11 | import ProfessionalPathways from "@/components/landing/ProfessionalPathways";\n'[39m +
    [32m'  12 | import PricingTiers from "@/components/landing/PricingTiers";\n'[39m +
    [32m'\n'[39m +
    [32m"Import map: aliased to relative './components/landing/WorkshopValue' inside of [project]/\n"[39m +
    [32m'\n'[39m +
    [32m'https://nextjs.org/docs/messages/module-not-found'[39m,
  [32m'Console Error: ./components/landing/HeroLanding.tsx:8:1\n'[39m +
    [32m"Module not found: Can't resolve '@/components/reactbits/TextAnimations/ShinyText/ShinyText'\n"[39m +
    [32m'   6 | import landingBlur from "@/assets/svg/landing-blur.svg";\n'[39m +
    [32m'   7 | import { cn } from "@/lib/utils";\n'[39m +
    [32m'>  8 | import ShinyText from "@/components/reactbits/TextAnimations/ShinyText/ShinyText";\n'[39m +
    [32m'     | ^^^^^^^^^^^^^^^^^^^^^^^^^^^^^^^^^^^^^^^^^^^^^^^^^^^^^^^^^^^^^^^^^^^^^^^^^^^^^^^^^^\n'[39m +
    [32m'   9 |\n'[39m +
    [32m'  10 | interface HeroLandingProps {\n'[39m +
    [32m'  11 |   className?: string;\n'[39m +
    [32m'\n'[39m +
    [32m"Import map: aliased to relative './components/reactbits/TextAnimations/ShinyText/ShinyText' inside of [project]/\n"[39m +
    [32m'\n'[39m +
    [32m'https://nextjs.org/docs/messages/module-not-found'[39m
]
]]>
</system-err>
</testcase>
<testcase name="Navigation Links - Comprehensive Testing › Navigation: HTML CSS (/design/backgrounds/html-css) loads without errors" classname="navigation-comprehensive.spec.ts" time="56.496">
<failure message="navigation-comprehensive.spec.ts:123:9 Navigation: HTML CSS (/design/backgrounds/html-css) loads without errors" type="FAILURE">
<![CDATA[  [chromium] › navigation-comprehensive.spec.ts:123:9 › Navigation Links - Comprehensive Testing › Navigation: HTML CSS (/design/backgrounds/html-css) loads without errors 

    Error: expect(received).toHaveLength(expected)

    Expected length: 0
    Received length: 23
    Received array:  ["Page Error: ./components/landing/LandingPage.tsx:9:1
    Module not found: Can't resolve '@/components/landing/WorkshopValue'
       7 | import HeroLanding from \"@/components/landing/HeroLanding\";
       8 | import { ToolExplorer } from \"@/components/landing/ToolExplorer\";
    >  9 | import WorkshopValue from \"@/components/landing/WorkshopValue\";
         | ^^^^^^^^^^^^^^^^^^^^^^^^^^^^^^^^^^^^^^^^^^^^^^^^^^^^^^^^^^^^^^^
      10 | import SandboxTeaser from \"@/components/landing/SandboxTeaser\";
      11 | import ProfessionalPathways from \"@/components/landing/ProfessionalPathways\";
      12 | import PricingTiers from \"@/components/landing/PricingTiers\";·
    Import map: aliased to relative './components/landing/WorkshopValue' inside of [project]/··
    https://nextjs.org/docs/messages/module-not-found·
    ", "Console Error: ./components/landing/LandingPage.tsx:9:1
    Module not found: Can't resolve '@/components/landing/WorkshopValue'
       7 | import HeroLanding from \"@/components/landing/HeroLanding\";
       8 | import { ToolExplorer } from \"@/components/landing/ToolExplorer\";
    >  9 | import WorkshopValue from \"@/components/landing/WorkshopValue\";
         | ^^^^^^^^^^^^^^^^^^^^^^^^^^^^^^^^^^^^^^^^^^^^^^^^^^^^^^^^^^^^^^^
      10 | import SandboxTeaser from \"@/components/landing/SandboxTeaser\";
      11 | import ProfessionalPathways from \"@/components/landing/ProfessionalPathways\";
      12 | import PricingTiers from \"@/components/landing/PricingTiers\";·
    Import map: aliased to relative './components/landing/WorkshopValue' inside of [project]/·
    https://nextjs.org/docs/messages/module-not-found", "Console Error: ./components/landing/HeroLanding.tsx:8:1
    Module not found: Can't resolve '@/components/reactbits/TextAnimations/ShinyText/ShinyText'
       6 | import landingBlur from \"@/assets/svg/landing-blur.svg\";
       7 | import { cn } from \"@/lib/utils\";
    >  8 | import ShinyText from \"@/components/reactbits/TextAnimations/ShinyText/ShinyText\";
         | ^^^^^^^^^^^^^^^^^^^^^^^^^^^^^^^^^^^^^^^^^^^^^^^^^^^^^^^^^^^^^^^^^^^^^^^^^^^^^^^^^^
       9 |
      10 | interface HeroLandingProps {
      11 |   className?: string;·
    Import map: aliased to relative './components/reactbits/TextAnimations/ShinyText/ShinyText' inside of [project]/·
    https://nextjs.org/docs/messages/module-not-found", "Console Error: ./components/landing/LandingPage.tsx:9:1
    Module not found: Can't resolve '@/components/landing/WorkshopValue'
       7 | import HeroLanding from \"@/components/landing/HeroLanding\";
       8 | import { ToolExplorer } from \"@/components/landing/ToolExplorer\";
    >  9 | import WorkshopValue from \"@/components/landing/WorkshopValue\";
         | ^^^^^^^^^^^^^^^^^^^^^^^^^^^^^^^^^^^^^^^^^^^^^^^^^^^^^^^^^^^^^^^
      10 | import SandboxTeaser from \"@/components/landing/SandboxTeaser\";
      11 | import ProfessionalPathways from \"@/components/landing/ProfessionalPathways\";
      12 | import PricingTiers from \"@/components/landing/PricingTiers\";·
    Import map: aliased to relative './components/landing/WorkshopValue' inside of [project]/·
    https://nextjs.org/docs/messages/module-not-found", "Console Error: ./components/landing/HeroLanding.tsx:8:1
    Module not found: Can't resolve '@/components/reactbits/TextAnimations/ShinyText/ShinyText'
       6 | import landingBlur from \"@/assets/svg/landing-blur.svg\";
       7 | import { cn } from \"@/lib/utils\";
    >  8 | import ShinyText from \"@/components/reactbits/TextAnimations/ShinyText/ShinyText\";
         | ^^^^^^^^^^^^^^^^^^^^^^^^^^^^^^^^^^^^^^^^^^^^^^^^^^^^^^^^^^^^^^^^^^^^^^^^^^^^^^^^^^
       9 |
      10 | interface HeroLandingProps {
      11 |   className?: string;·
    Import map: aliased to relative './components/reactbits/TextAnimations/ShinyText/ShinyText' inside of [project]/·
    https://nextjs.org/docs/messages/module-not-found", "Console Error: ./components/landing/WorkshopValue.tsx:7:1
    Module not found: Can't resolve '@/components/reactbits/TextAnimations/DecryptedText/DecryptedText'
       5 | import { cn } from \"@/lib/utils\";
       6 | import ShinyText from \"@/components/reactbits/TextAnimations/ShinyText/ShinyText\";
    >  7 | import DecryptedText from \"@/components/reactbits/TextAnimations/DecryptedText/DecryptedText\";
         | ^^^^^^^^^^^^^^^^^^^^^^^^^^^^^^^^^^^^^^^^^^^^^^^^^^^^^^^^^^^^^^^^^^^^^^^^^^^^^^^^^^^^^^^^^^^^^^
       8 |
       9 | interface WorkshopValueProps {
      10 |   className?: string;·
    Import map: aliased to relative './components/reactbits/TextAnimations/DecryptedText/DecryptedText' inside of [project]/·
    https://nextjs.org/docs/messages/module-not-found", "Console Error: ./components/landing/HeroLanding.tsx:8:1
    Module not found: Can't resolve '@/components/reactbits/TextAnimations/ShinyText/ShinyText'
       6 | import landingBlur from \"@/assets/svg/landing-blur.svg\";
       7 | import { cn } from \"@/lib/utils\";
    >  8 | import ShinyText from \"@/components/reactbits/TextAnimations/ShinyText/ShinyText\";
         | ^^^^^^^^^^^^^^^^^^^^^^^^^^^^^^^^^^^^^^^^^^^^^^^^^^^^^^^^^^^^^^^^^^^^^^^^^^^^^^^^^^
       9 |
      10 | interface HeroLandingProps {
      11 |   className?: string;·
    Import map: aliased to relative './components/reactbits/TextAnimations/ShinyText/ShinyText' inside of [project]/·
    https://nextjs.org/docs/messages/module-not-found", "Console Error: ./components/landing/WorkshopValue.tsx:6:1
[...]
    ╚═════════════════════════════════════════════════════════════════════════╝

    Retry #1 ───────────────────────────────────────────────────────────────────────────────────────

    Error: browserType.launch: Executable doesn't exist at /home/adam/.cache/ms-playwright/webkit-2203/pw_run.sh
    ╔═════════════════════════════════════════════════════════════════════════╗
    ║ Looks like Playwright Test or Playwright was just installed or updated. ║
    ║ Please run the following command to download new browsers:              ║
    ║                                                                         ║
    ║     npx playwright install                                              ║
    ║                                                                         ║
    ║ <3 Playwright Team                                                      ║
    ╚═════════════════════════════════════════════════════════════════════════╝

    attachment #1: trace (application/zip) ─────────────────────────────────────────────────────────
    ../test-results/navigation-comprehensive-N-75b4c-report-loads-without-errors-webkit-retry1/trace.zip
    Usage:

        npx playwright show-trace ../test-results/navigation-comprehensive-N-75b4c-report-loads-without-errors-webkit-retry1/trace.zip

    ────────────────────────────────────────────────────────────────────────────────────────────────

    Retry #2 ───────────────────────────────────────────────────────────────────────────────────────

    Error: browserType.launch: Executable doesn't exist at /home/adam/.cache/ms-playwright/webkit-2203/pw_run.sh
    ╔═════════════════════════════════════════════════════════════════════════╗
    ║ Looks like Playwright Test or Playwright was just installed or updated. ║
    ║ Please run the following command to download new browsers:              ║
    ║                                                                         ║
    ║     npx playwright install                                              ║
    ║                                                                         ║
    ║ <3 Playwright Team                                                      ║
    ╚═════════════════════════════════════════════════════════════════════════╝
]]>
</failure>
<system-out>
<![CDATA[
[[ATTACHMENT|navigation-comprehensive-N-75b4c-report-loads-without-errors-webkit-retry1/trace.zip]]
]]>
</system-out>
</testcase>
<testcase name="Navigation Links - Comprehensive Testing › All navigation links are reachable from home page" classname="navigation-comprehensive.spec.ts" time="0.022">
<failure message="navigation-comprehensive.spec.ts:174:7 All navigation links are reachable from home page" type="FAILURE">
<![CDATA[  [webkit] › navigation-comprehensive.spec.ts:174:7 › Navigation Links - Comprehensive Testing › All navigation links are reachable from home page 

    Error: browserType.launch: Executable doesn't exist at /home/adam/.cache/ms-playwright/webkit-2203/pw_run.sh
    ╔═════════════════════════════════════════════════════════════════════════╗
    ║ Looks like Playwright Test or Playwright was just installed or updated. ║
    ║ Please run the following command to download new browsers:              ║
    ║                                                                         ║
    ║     npx playwright install                                              ║
    ║                                                                         ║
    ║ <3 Playwright Team                                                      ║
    ╚═════════════════════════════════════════════════════════════════════════╝

    Retry #1 ───────────────────────────────────────────────────────────────────────────────────────

    Error: browserType.launch: Executable doesn't exist at /home/adam/.cache/ms-playwright/webkit-2203/pw_run.sh
    ╔═════════════════════════════════════════════════════════════════════════╗
    ║ Looks like Playwright Test or Playwright was just installed or updated. ║
    ║ Please run the following command to download new browsers:              ║
    ║                                                                         ║
    ║     npx playwright install                                              ║
    ║                                                                         ║
    ║ <3 Playwright Team                                                      ║
    ╚═════════════════════════════════════════════════════════════════════════╝

    attachment #1: trace (application/zip) ─────────────────────────────────────────────────────────
    ../test-results/navigation-comprehensive-N-55607-re-reachable-from-home-page-webkit-retry1/trace.zip
    Usage:

        npx playwright show-trace ../test-results/navigation-comprehensive-N-55607-re-reachable-from-home-page-webkit-retry1/trace.zip

    ────────────────────────────────────────────────────────────────────────────────────────────────

    Retry #2 ───────────────────────────────────────────────────────────────────────────────────────

    Error: browserType.launch: Executable doesn't exist at /home/adam/.cache/ms-playwright/webkit-2203/pw_run.sh
    ╔═════════════════════════════════════════════════════════════════════════╗
    ║ Looks like Playwright Test or Playwright was just installed or updated. ║
    ║ Please run the following command to download new browsers:              ║
    ║                                                                         ║
    ║     npx playwright install                                              ║
    ║                                                                         ║
    ║ <3 Playwright Team                                                      ║
    ╚═════════════════════════════════════════════════════════════════════════╝
]]>
</failure>
<system-out>
<![CDATA[
[[ATTACHMENT|navigation-comprehensive-N-55607-re-reachable-from-home-page-webkit-retry1/trace.zip]]
]]>
</system-out>
</testcase>
<testcase name="Navigation Links - Comprehensive Testing › Navigation breadcrumbs work correctly" classname="navigation-comprehensive.spec.ts" time="0.016">
<failure message="navigation-comprehensive.spec.ts:196:7 Navigation breadcrumbs work correctly" type="FAILURE">
<![CDATA[  [webkit] › navigation-comprehensive.spec.ts:196:7 › Navigation Links - Comprehensive Testing › Navigation breadcrumbs work correctly 

    Error: browserType.launch: Executable doesn't exist at /home/adam/.cache/ms-playwright/webkit-2203/pw_run.sh
    ╔═════════════════════════════════════════════════════════════════════════╗
    ║ Looks like Playwright Test or Playwright was just installed or updated. ║
    ║ Please run the following command to download new browsers:              ║
    ║                                                                         ║
    ║     npx playwright install                                              ║
    ║                                                                         ║
    ║ <3 Playwright Team                                                      ║
    ╚═════════════════════════════════════════════════════════════════════════╝

    Retry #1 ───────────────────────────────────────────────────────────────────────────────────────

    Error: browserType.launch: Executable doesn't exist at /home/adam/.cache/ms-playwright/webkit-2203/pw_run.sh
    ╔═════════════════════════════════════════════════════════════════════════╗
    ║ Looks like Playwright Test or Playwright was just installed or updated. ║
    ║ Please run the following command to download new browsers:              ║
    ║                                                                         ║
    ║     npx playwright install                                              ║
    ║                                                                         ║
    ║ <3 Playwright Team                                                      ║
    ╚═════════════════════════════════════════════════════════════════════════╝

    attachment #1: trace (application/zip) ─────────────────────────────────────────────────────────
    ../test-results/navigation-comprehensive-N-7b660--breadcrumbs-work-correctly-webkit-retry1/trace.zip
    Usage:

        npx playwright show-trace ../test-results/navigation-comprehensive-N-7b660--breadcrumbs-work-correctly-webkit-retry1/trace.zip

    ────────────────────────────────────────────────────────────────────────────────────────────────

    Retry #2 ───────────────────────────────────────────────────────────────────────────────────────

    Error: browserType.launch: Executable doesn't exist at /home/adam/.cache/ms-playwright/webkit-2203/pw_run.sh
    ╔═════════════════════════════════════════════════════════════════════════╗
    ║ Looks like Playwright Test or Playwright was just installed or updated. ║
    ║ Please run the following command to download new browsers:              ║
    ║                                                                         ║
    ║     npx playwright install                                              ║
    ║                                                                         ║
    ║ <3 Playwright Team                                                      ║
    ╚═════════════════════════════════════════════════════════════════════════╝
]]>
</failure>
<system-out>
<![CDATA[
[[ATTACHMENT|navigation-comprehensive-N-7b660--breadcrumbs-work-correctly-webkit-retry1/trace.zip]]
]]>
</system-out>
</testcase>
<testcase name="Navigation Links - Comprehensive Testing › Navigation preserves state across page changes" classname="navigation-comprehensive.spec.ts" time="0.024">
<failure message="navigation-comprehensive.spec.ts:219:7 Navigation preserves state across page changes" type="FAILURE">
<![CDATA[  [webkit] › navigation-comprehensive.spec.ts:219:7 › Navigation Links - Comprehensive Testing › Navigation preserves state across page changes 

    Error: browserType.launch: Executable doesn't exist at /home/adam/.cache/ms-playwright/webkit-2203/pw_run.sh
    ╔═════════════════════════════════════════════════════════════════════════╗
    ║ Looks like Playwright Test or Playwright was just installed or updated. ║
    ║ Please run the following command to download new browsers:              ║
    ║                                                                         ║
    ║     npx playwright install                                              ║
    ║                                                                         ║
    ║ <3 Playwright Team                                                      ║
    ╚═════════════════════════════════════════════════════════════════════════╝

    Retry #1 ───────────────────────────────────────────────────────────────────────────────────────

    Error: browserType.launch: Executable doesn't exist at /home/adam/.cache/ms-playwright/webkit-2203/pw_run.sh
    ╔═════════════════════════════════════════════════════════════════════════╗
    ║ Looks like Playwright Test or Playwright was just installed or updated. ║
    ║ Please run the following command to download new browsers:              ║
    ║                                                                         ║
    ║     npx playwright install                                              ║
    ║                                                                         ║
    ║ <3 Playwright Team                                                      ║
    ╚═════════════════════════════════════════════════════════════════════════╝

    attachment #1: trace (application/zip) ─────────────────────────────────────────────────────────
    ../test-results/navigation-comprehensive-N-81243-s-state-across-page-changes-webkit-retry1/trace.zip
    Usage:

        npx playwright show-trace ../test-results/navigation-comprehensive-N-81243-s-state-across-page-changes-webkit-retry1/trace.zip

    ────────────────────────────────────────────────────────────────────────────────────────────────

    Retry #2 ───────────────────────────────────────────────────────────────────────────────────────

    Error: browserType.launch: Executable doesn't exist at /home/adam/.cache/ms-playwright/webkit-2203/pw_run.sh
    ╔═════════════════════════════════════════════════════════════════════════╗
    ║ Looks like Playwright Test or Playwright was just installed or updated. ║
    ║ Please run the following command to download new browsers:              ║
    ║                                                                         ║
    ║     npx playwright install                                              ║
    ║                                                                         ║
    ║ <3 Playwright Team                                                      ║
    ╚═════════════════════════════════════════════════════════════════════════╝
]]>
</failure>
<system-out>
<![CDATA[
[[ATTACHMENT|navigation-comprehensive-N-81243-s-state-across-page-changes-webkit-retry1/trace.zip]]
]]>
</system-out>
</testcase>
<testcase name="Navigation Performance › Navigation links load within acceptable time" classname="navigation-comprehensive.spec.ts" time="0.083">
<failure message="navigation-comprehensive.spec.ts:241:7 Navigation links load within acceptable time" type="FAILURE">
<![CDATA[  [webkit] › navigation-comprehensive.spec.ts:241:7 › Navigation Performance › Navigation links load within acceptable time 

    Error: browserType.launch: Executable doesn't exist at /home/adam/.cache/ms-playwright/webkit-2203/pw_run.sh
    ╔═════════════════════════════════════════════════════════════════════════╗
    ║ Looks like Playwright Test or Playwright was just installed or updated. ║
    ║ Please run the following command to download new browsers:              ║
    ║                                                                         ║
    ║     npx playwright install                                              ║
    ║                                                                         ║
    ║ <3 Playwright Team                                                      ║
    ╚═════════════════════════════════════════════════════════════════════════╝

    Retry #1 ───────────────────────────────────────────────────────────────────────────────────────

    Error: browserType.launch: Executable doesn't exist at /home/adam/.cache/ms-playwright/webkit-2203/pw_run.sh
    ╔═════════════════════════════════════════════════════════════════════════╗
    ║ Looks like Playwright Test or Playwright was just installed or updated. ║
    ║ Please run the following command to download new browsers:              ║
    ║                                                                         ║
    ║     npx playwright install                                              ║
    ║                                                                         ║
    ║ <3 Playwright Team                                                      ║
    ╚═════════════════════════════════════════════════════════════════════════╝

    attachment #1: trace (application/zip) ─────────────────────────────────────────────────────────
    ../test-results/navigation-comprehensive-N-c6b9d-load-within-acceptable-time-webkit-retry1/trace.zip
    Usage:

        npx playwright show-trace ../test-results/navigation-comprehensive-N-c6b9d-load-within-acceptable-time-webkit-retry1/trace.zip

    ────────────────────────────────────────────────────────────────────────────────────────────────

    Retry #2 ───────────────────────────────────────────────────────────────────────────────────────

    Error: browserType.launch: Executable doesn't exist at /home/adam/.cache/ms-playwright/webkit-2203/pw_run.sh
    ╔═════════════════════════════════════════════════════════════════════════╗
    ║ Looks like Playwright Test or Playwright was just installed or updated. ║
    ║ Please run the following command to download new browsers:              ║
    ║                                                                         ║
    ║     npx playwright install                                              ║
    ║                                                                         ║
    ║ <3 Playwright Team                                                      ║
    ╚═════════════════════════════════════════════════════════════════════════╝
]]>
</failure>
<system-out>
<![CDATA[
[[ATTACHMENT|navigation-comprehensive-N-c6b9d-load-within-acceptable-time-webkit-retry1/trace.zip]]
]]>
</system-out>
</testcase>
<testcase name="Navigation Performance › Navigation does not cause memory leaks" classname="navigation-comprehensive.spec.ts" time="0.018">
<failure message="navigation-comprehensive.spec.ts:263:7 Navigation does not cause memory leaks" type="FAILURE">
<![CDATA[  [webkit] › navigation-comprehensive.spec.ts:263:7 › Navigation Performance › Navigation does not cause memory leaks 

    Error: browserType.launch: Executable doesn't exist at /home/adam/.cache/ms-playwright/webkit-2203/pw_run.sh
    ╔═════════════════════════════════════════════════════════════════════════╗
    ║ Looks like Playwright Test or Playwright was just installed or updated. ║
    ║ Please run the following command to download new browsers:              ║
    ║                                                                         ║
    ║     npx playwright install                                              ║
    ║                                                                         ║
    ║ <3 Playwright Team                                                      ║
    ╚═════════════════════════════════════════════════════════════════════════╝

    Retry #1 ───────────────────────────────────────────────────────────────────────────────────────

    Error: browserType.launch: Executable doesn't exist at /home/adam/.cache/ms-playwright/webkit-2203/pw_run.sh
    ╔═════════════════════════════════════════════════════════════════════════╗
    ║ Looks like Playwright Test or Playwright was just installed or updated. ║
    ║ Please run the following command to download new browsers:              ║
    ║                                                                         ║
    ║     npx playwright install                                              ║
    ║                                                                         ║
    ║ <3 Playwright Team                                                      ║
    ╚═════════════════════════════════════════════════════════════════════════╝

    attachment #1: trace (application/zip) ─────────────────────────────────────────────────────────
    ../test-results/navigation-comprehensive-N-b4841-does-not-cause-memory-leaks-webkit-retry1/trace.zip
    Usage:

        npx playwright show-trace ../test-results/navigation-comprehensive-N-b4841-does-not-cause-memory-leaks-webkit-retry1/trace.zip

    ────────────────────────────────────────────────────────────────────────────────────────────────

    Retry #2 ───────────────────────────────────────────────────────────────────────────────────────

    Error: browserType.launch: Executable doesn't exist at /home/adam/.cache/ms-playwright/webkit-2203/pw_run.sh
    ╔═════════════════════════════════════════════════════════════════════════╗
    ║ Looks like Playwright Test or Playwright was just installed or updated. ║
    ║ Please run the following command to download new browsers:              ║
    ║                                                                         ║
    ║     npx playwright install                                              ║
    ║                                                                         ║
    ║ <3 Playwright Team                                                      ║
    ╚═════════════════════════════════════════════════════════════════════════╝
]]>
</failure>
<system-out>
<![CDATA[
[[ATTACHMENT|navigation-comprehensive-N-b4841-does-not-cause-memory-leaks-webkit-retry1/trace.zip]]
]]>
</system-out>
</testcase>
</testsuite>
</testsuites>